Log file produced by: Storyboard Pro (StoryboardPro.exe) version 24.0.1 build 23015 2024-07-17 12:04:32
﻿2024-11-19 11:10:23;Copy;C:\Program Files (x86)\Toon Boom Animation\Toon Boom Storyboard Pro 24\resources\layouts\sboardPro\.toolbar;C:\Users\sethv\AppData\Roaming\Toon Boom Animation\Toon Boom Storyboard Pro\2400-layouts-xml\.toolbar OK 
﻿2024-11-19 11:10:23;Copy;C:\Program Files (x86)\Toon Boom Animation\Toon Boom Storyboard Pro 24\resources\layouts\sboardPro\3D View;C:\Users\sethv\AppData\Roaming\Toon Boom Animation\Toon Boom Storyboard Pro\2400-layouts-xml\3D View OK 
﻿2024-11-19 11:10:23;Copy;C:\Program Files (x86)\Toon Boom Animation\Toon Boom Storyboard Pro 24\resources\layouts\sboardPro\Current;C:\Users\sethv\AppData\Roaming\Toon Boom Animation\Toon Boom Storyboard Pro\2400-layouts-xml\Current OK 
﻿2024-11-19 11:10:23;Copy;C:\Program Files (x86)\Toon Boom Animation\Toon Boom Storyboard Pro 24\resources\layouts\sboardPro\Drawing;C:\Users\sethv\AppData\Roaming\Toon Boom Animation\Toon Boom Storyboard Pro\2400-layouts-xml\Drawing OK 
﻿2024-11-19 11:10:23;Copy;C:\Program Files (x86)\Toon Boom Animation\Toon Boom Storyboard Pro 24\resources\layouts\sboardPro\Horizontal;C:\Users\sethv\AppData\Roaming\Toon Boom Animation\Toon Boom Storyboard Pro\2400-layouts-xml\Horizontal OK 
﻿2024-11-19 11:10:23;Copy;C:\Program Files (x86)\Toon Boom Animation\Toon Boom Storyboard Pro 24\resources\layouts\sboardPro\Overview;C:\Users\sethv\AppData\Roaming\Toon Boom Animation\Toon Boom Storyboard Pro\2400-layouts-xml\Overview OK 
﻿2024-11-19 11:10:23;Copy;C:\Program Files (x86)\Toon Boom Animation\Toon Boom Storyboard Pro 24\resources\layouts\sboardPro\PDF Review;C:\Users\sethv\AppData\Roaming\Toon Boom Animation\Toon Boom Storyboard Pro\2400-layouts-xml\PDF Review OK 
﻿2024-11-19 11:10:23;Copy;C:\Program Files (x86)\Toon Boom Animation\Toon Boom Storyboard Pro 24\resources\layouts\sboardPro\Pitch Mode;C:\Users\sethv\AppData\Roaming\Toon Boom Animation\Toon Boom Storyboard Pro\2400-layouts-xml\Pitch Mode OK 
﻿2024-11-19 11:10:23;Copy;C:\Program Files (x86)\Toon Boom Animation\Toon Boom Storyboard Pro 24\resources\layouts\sboardPro\Timeline;C:\Users\sethv\AppData\Roaming\Toon Boom Animation\Toon Boom Storyboard Pro\2400-layouts-xml\Timeline OK 
﻿2024-11-19 11:10:23;Copy;C:\Program Files (x86)\Toon Boom Animation\Toon Boom Storyboard Pro 24\resources\layouts\sboardPro\Vertical;C:\Users\sethv\AppData\Roaming\Toon Boom Animation\Toon Boom Storyboard Pro\2400-layouts-xml\Vertical OK 
﻿2024-11-19 11:10:53;ACTION;begin accum Create Drawing (CO_CommandManager.cpp,253)
﻿2024-11-19 11:10:53;ACTION;end accum (CO_CommandManager.cpp,467)
﻿2024-11-19 11:10:53;ACTION;end accum (CO_CommandManager.cpp,467)
﻿2024-11-19 11:10:53;ACTION;end accum (CO_CommandManager.cpp,467)
﻿2024-11-19 11:11:19;ACTION;begin accum Drawing Tool (CO_CommandManager.cpp,253)
﻿2024-11-19 11:11:19;ACTION;end accum (CO_CommandManager.cpp,467)
﻿2024-11-19 11:11:19;ACTION;begin accum  (CO_CommandManager.cpp,253)
﻿2024-11-19 11:11:19;ACTION;end accum (CO_CommandManager.cpp,467)
﻿2024-11-19 11:11:19;ACTION;end accum (CO_CommandManager.cpp,467)
﻿2024-11-19 11:11:19;ACTION;begin accum Drawing Tool (CO_CommandManager.cpp,253)
﻿2024-11-19 11:11:19;ACTION;end accum (CO_CommandManager.cpp,467)
﻿2024-11-19 11:11:19;ACTION;begin accum  (CO_CommandManager.cpp,253)
﻿2024-11-19 11:11:19;ACTION;end accum (CO_CommandManager.cpp,467)
﻿2024-11-19 11:11:19;ACTION;end accum (CO_CommandManager.cpp,467)
﻿2024-11-19 11:11:19;ACTION;begin accum Drawing Tool (CO_CommandManager.cpp,253)
﻿2024-11-19 11:11:19;ACTION;end accum (CO_CommandManager.cpp,467)
﻿2024-11-19 11:11:19;ACTION;begin accum  (CO_CommandManager.cpp,253)
﻿2024-11-19 11:11:19;ACTION;end accum (CO_CommandManager.cpp,467)
﻿2024-11-19 11:11:19;ACTION;end accum (CO_CommandManager.cpp,467)
﻿2024-11-19 11:11:19;ACTION;begin accum Drawing Tool (CO_CommandManager.cpp,253)
﻿2024-11-19 11:11:19;ACTION;end accum (CO_CommandManager.cpp,467)
﻿2024-11-19 11:11:19;ACTION;begin accum  (CO_CommandManager.cpp,253)
﻿2024-11-19 11:11:19;ACTION;end accum (CO_CommandManager.cpp,467)
﻿2024-11-19 11:11:19;ACTION;end accum (CO_CommandManager.cpp,467)
﻿2024-11-19 11:11:22;ACTION;begin accum Drawing Tool (CO_CommandManager.cpp,253)
﻿2024-11-19 11:11:22;ACTION;end accum (CO_CommandManager.cpp,467)
﻿2024-11-19 11:11:22;ACTION;begin accum  (CO_CommandManager.cpp,253)
﻿2024-11-19 11:11:22;ACTION;end accum (CO_CommandManager.cpp,467)
﻿2024-11-19 11:11:22;ACTION;end accum (CO_CommandManager.cpp,467)
﻿2024-11-19 11:11:25;ACTION;begin accum Drawing Tool (CO_CommandManager.cpp,253)
﻿2024-11-19 11:11:25;ACTION;end accum (CO_CommandManager.cpp,467)
﻿2024-11-19 11:11:25;ACTION;begin accum  (CO_CommandManager.cpp,253)
﻿2024-11-19 11:11:25;ACTION;end accum (CO_CommandManager.cpp,467)
﻿2024-11-19 11:11:25;ACTION;end accum (CO_CommandManager.cpp,467)
﻿2024-11-19 11:11:27;ACTION;begin accum Drawing Tool (CO_CommandManager.cpp,253)
﻿2024-11-19 11:11:27;ACTION;end accum (CO_CommandManager.cpp,467)
﻿2024-11-19 11:11:27;ACTION;begin accum  (CO_CommandManager.cpp,253)
﻿2024-11-19 11:11:27;ACTION;end accum (CO_CommandManager.cpp,467)
﻿2024-11-19 11:11:27;ACTION;end accum (CO_CommandManager.cpp,467)
﻿2024-11-19 11:11:36;ACTION;begin accum Drawing Tool (CO_CommandManager.cpp,253)
﻿2024-11-19 11:11:36;ACTION;end accum (CO_CommandManager.cpp,467)
﻿2024-11-19 11:11:37;ACTION;begin accum  (CO_CommandManager.cpp,253)
﻿2024-11-19 11:11:37;ACTION;end accum (CO_CommandManager.cpp,467)
﻿2024-11-19 11:11:37;ACTION;end accum (CO_CommandManager.cpp,467)
﻿2024-11-19 11:11:39;ACTION;begin accum Drawing Tool (CO_CommandManager.cpp,253)
﻿2024-11-19 11:11:39;ACTION;end accum (CO_CommandManager.cpp,467)
﻿2024-11-19 11:11:39;ACTION;begin accum  (CO_CommandManager.cpp,253)
﻿2024-11-19 11:11:39;ACTION;end accum (CO_CommandManager.cpp,467)
﻿2024-11-19 11:11:39;ACTION;end accum (CO_CommandManager.cpp,467)
﻿2024-11-19 11:11:39;ACTION;begin accum Drawing Tool (CO_CommandManager.cpp,253)
﻿2024-11-19 11:11:39;ACTION;end accum (CO_CommandManager.cpp,467)
﻿2024-11-19 11:11:39;ACTION;begin accum  (CO_CommandManager.cpp,253)
﻿2024-11-19 11:11:39;ACTION;end accum (CO_CommandManager.cpp,467)
﻿2024-11-19 11:11:39;ACTION;end accum (CO_CommandManager.cpp,467)
﻿2024-11-19 11:11:44;ACTION;begin accum Drawing Tool (CO_CommandManager.cpp,253)
﻿2024-11-19 11:11:44;ACTION;end accum (CO_CommandManager.cpp,467)
﻿2024-11-19 11:11:44;ACTION;begin accum  (CO_CommandManager.cpp,253)
﻿2024-11-19 11:11:44;ACTION;end accum (CO_CommandManager.cpp,467)
﻿2024-11-19 11:11:44;ACTION;end accum (CO_CommandManager.cpp,467)
﻿2024-11-19 11:11:46;ACTION;begin accum Drawing Tool (CO_CommandManager.cpp,253)
﻿2024-11-19 11:11:46;ACTION;end accum (CO_CommandManager.cpp,467)
﻿2024-11-19 11:11:46;ACTION;begin accum  (CO_CommandManager.cpp,253)
﻿2024-11-19 11:11:46;ACTION;end accum (CO_CommandManager.cpp,467)
﻿2024-11-19 11:11:46;ACTION;end accum (CO_CommandManager.cpp,467)
﻿2024-11-19 11:11:50;ACTION;begin accum Drawing Tool (CO_CommandManager.cpp,253)
﻿2024-11-19 11:11:50;ACTION;end accum (CO_CommandManager.cpp,467)
﻿2024-11-19 11:11:50;ACTION;begin accum  (CO_CommandManager.cpp,253)
﻿2024-11-19 11:11:50;ACTION;end accum (CO_CommandManager.cpp,467)
﻿2024-11-19 11:11:50;ACTION;end accum (CO_CommandManager.cpp,467)
﻿2024-11-19 11:11:51;ACTION;begin accum Drawing Tool (CO_CommandManager.cpp,253)
﻿2024-11-19 11:11:51;ACTION;end accum (CO_CommandManager.cpp,467)
﻿2024-11-19 11:11:51;ACTION;begin accum  (CO_CommandManager.cpp,253)
﻿2024-11-19 11:11:51;ACTION;end accum (CO_CommandManager.cpp,467)
﻿2024-11-19 11:11:51;ACTION;end accum (CO_CommandManager.cpp,467)
﻿2024-11-19 11:11:53;ACTION;begin accum Drawing Tool (CO_CommandManager.cpp,253)
﻿2024-11-19 11:11:53;ACTION;end accum (CO_CommandManager.cpp,467)
﻿2024-11-19 11:11:53;ACTION;begin accum  (CO_CommandManager.cpp,253)
﻿2024-11-19 11:11:53;ACTION;end accum (CO_CommandManager.cpp,467)
﻿2024-11-19 11:11:53;ACTION;end accum (CO_CommandManager.cpp,467)
﻿2024-11-19 11:12:00;ACTION;begin accum Drawing Tool (CO_CommandManager.cpp,253)
﻿2024-11-19 11:12:00;ACTION;end accum (CO_CommandManager.cpp,467)
﻿2024-11-19 11:12:00;ACTION;begin accum  (CO_CommandManager.cpp,253)
﻿2024-11-19 11:12:00;ACTION;end accum (CO_CommandManager.cpp,467)
﻿2024-11-19 11:12:00;ACTION;end accum (CO_CommandManager.cpp,467)
﻿2024-11-19 11:12:01;ACTION;Start unexecute depth 1 (CO_CommandManager.cpp,751)
﻿  2024-11-19 11:12:01;ACTION;Start execute Brush Tool  (class CO_Command * __ptr64) (CO_CommandManager.cpp,765)
﻿  2024-11-19 11:12:01;ACTION;End execute Brush Tool  (class CO_Command * __ptr64) (CO_CommandManager.cpp,765)
﻿2024-11-19 11:12:01;ACTION;End unexecute depth 1 (CO_CommandManager.cpp,751)
﻿2024-11-19 11:12:02;ACTION;Start unexecute depth 1 (CO_CommandManager.cpp,751)
﻿  2024-11-19 11:12:02;ACTION;Start execute Brush Tool  (class CO_Command * __ptr64) (CO_CommandManager.cpp,765)
﻿  2024-11-19 11:12:02;ACTION;End execute Brush Tool  (class CO_Command * __ptr64) (CO_CommandManager.cpp,765)
﻿2024-11-19 11:12:02;ACTION;End unexecute depth 1 (CO_CommandManager.cpp,751)
﻿2024-11-19 11:12:02;ACTION;Start unexecute depth 1 (CO_CommandManager.cpp,751)
﻿  2024-11-19 11:12:02;ACTION;Start execute Brush Tool  (class CO_Command * __ptr64) (CO_CommandManager.cpp,765)
﻿  2024-11-19 11:12:02;ACTION;End execute Brush Tool  (class CO_Command * __ptr64) (CO_CommandManager.cpp,765)
﻿2024-11-19 11:12:02;ACTION;End unexecute depth 1 (CO_CommandManager.cpp,751)
﻿2024-11-19 11:12:02;ACTION;Start unexecute depth 1 (CO_CommandManager.cpp,751)
﻿  2024-11-19 11:12:02;ACTION;Start execute Brush Tool  (class CO_Command * __ptr64) (CO_CommandManager.cpp,765)
﻿  2024-11-19 11:12:02;ACTION;End execute Brush Tool  (class CO_Command * __ptr64) (CO_CommandManager.cpp,765)
﻿2024-11-19 11:12:02;ACTION;End unexecute depth 1 (CO_CommandManager.cpp,751)
﻿2024-11-19 11:12:02;ACTION;Start unexecute depth 1 (CO_CommandManager.cpp,751)
﻿  2024-11-19 11:12:02;ACTION;Start execute Brush Tool  (class CO_Command * __ptr64) (CO_CommandManager.cpp,765)
﻿  2024-11-19 11:12:02;ACTION;End execute Brush Tool  (class CO_Command * __ptr64) (CO_CommandManager.cpp,765)
﻿2024-11-19 11:12:02;ACTION;End unexecute depth 1 (CO_CommandManager.cpp,751)
﻿2024-11-19 11:12:02;ACTION;Start unexecute depth 1 (CO_CommandManager.cpp,751)
﻿  2024-11-19 11:12:02;ACTION;Start execute Brush Tool  (class CO_Command * __ptr64) (CO_CommandManager.cpp,765)
﻿  2024-11-19 11:12:02;ACTION;End execute Brush Tool  (class CO_Command * __ptr64) (CO_CommandManager.cpp,765)
﻿2024-11-19 11:12:02;ACTION;End unexecute depth 1 (CO_CommandManager.cpp,751)
﻿2024-11-19 11:12:03;ACTION;Start unexecute depth 1 (CO_CommandManager.cpp,751)
﻿  2024-11-19 11:12:03;ACTION;Start execute Brush Tool  (class CO_Command * __ptr64) (CO_CommandManager.cpp,765)
﻿  2024-11-19 11:12:03;ACTION;End execute Brush Tool  (class CO_Command * __ptr64) (CO_CommandManager.cpp,765)
﻿2024-11-19 11:12:03;ACTION;End unexecute depth 1 (CO_CommandManager.cpp,751)
﻿2024-11-19 11:12:03;ACTION;Start unexecute depth 1 (CO_CommandManager.cpp,751)
﻿  2024-11-19 11:12:03;ACTION;Start execute Brush Tool  (class CO_Command * __ptr64) (CO_CommandManager.cpp,765)
﻿  2024-11-19 11:12:03;ACTION;End execute Brush Tool  (class CO_Command * __ptr64) (CO_CommandManager.cpp,765)
﻿2024-11-19 11:12:03;ACTION;End unexecute depth 1 (CO_CommandManager.cpp,751)
﻿2024-11-19 11:12:03;ACTION;Start unexecute depth 1 (CO_CommandManager.cpp,751)
﻿  2024-11-19 11:12:03;ACTION;Start execute Brush Tool  (class CO_Command * __ptr64) (CO_CommandManager.cpp,765)
﻿  2024-11-19 11:12:03;ACTION;End execute Brush Tool  (class CO_Command * __ptr64) (CO_CommandManager.cpp,765)
﻿2024-11-19 11:12:03;ACTION;End unexecute depth 1 (CO_CommandManager.cpp,751)
﻿2024-11-19 11:12:03;ACTION;Start unexecute depth 1 (CO_CommandManager.cpp,751)
﻿  2024-11-19 11:12:03;ACTION;Start execute Brush Tool  (class CO_Command * __ptr64) (CO_CommandManager.cpp,765)
﻿  2024-11-19 11:12:03;ACTION;End execute Brush Tool  (class CO_Command * __ptr64) (CO_CommandManager.cpp,765)
﻿2024-11-19 11:12:03;ACTION;End unexecute depth 1 (CO_CommandManager.cpp,751)
﻿2024-11-19 11:12:04;ACTION;Start unexecute depth 1 (CO_CommandManager.cpp,751)
﻿  2024-11-19 11:12:04;ACTION;Start execute Brush Tool  (class CO_Command * __ptr64) (CO_CommandManager.cpp,765)
﻿  2024-11-19 11:12:04;ACTION;End execute Brush Tool  (class CO_Command * __ptr64) (CO_CommandManager.cpp,765)
﻿2024-11-19 11:12:04;ACTION;End unexecute depth 1 (CO_CommandManager.cpp,751)
﻿2024-11-19 11:12:04;ACTION;Start unexecute depth 1 (CO_CommandManager.cpp,751)
﻿  2024-11-19 11:12:04;ACTION;Start execute Brush Tool  (class CO_Command * __ptr64) (CO_CommandManager.cpp,765)
﻿  2024-11-19 11:12:04;ACTION;End execute Brush Tool  (class CO_Command * __ptr64) (CO_CommandManager.cpp,765)
﻿2024-11-19 11:12:04;ACTION;End unexecute depth 1 (CO_CommandManager.cpp,751)
﻿2024-11-19 11:12:04;ACTION;Start unexecute depth 1 (CO_CommandManager.cpp,751)
﻿  2024-11-19 11:12:04;ACTION;Start execute Brush Tool  (class CO_Command * __ptr64) (CO_CommandManager.cpp,765)
﻿  2024-11-19 11:12:04;ACTION;End execute Brush Tool  (class CO_Command * __ptr64) (CO_CommandManager.cpp,765)
﻿2024-11-19 11:12:04;ACTION;End unexecute depth 1 (CO_CommandManager.cpp,751)
﻿2024-11-19 11:12:04;ACTION;Start unexecute depth 1 (CO_CommandManager.cpp,751)
﻿  2024-11-19 11:12:04;ACTION;Start execute Brush Tool  (class CO_Command * __ptr64) (CO_CommandManager.cpp,765)
﻿  2024-11-19 11:12:04;ACTION;End execute Brush Tool  (class CO_Command * __ptr64) (CO_CommandManager.cpp,765)
﻿2024-11-19 11:12:04;ACTION;End unexecute depth 1 (CO_CommandManager.cpp,751)
﻿2024-11-19 11:12:04;ACTION;Start unexecute depth 1 (CO_CommandManager.cpp,751)
﻿  2024-11-19 11:12:04;ACTION;Start execute Brush Tool  (class CO_Command * __ptr64) (CO_CommandManager.cpp,765)
﻿  2024-11-19 11:12:04;ACTION;End execute Brush Tool  (class CO_Command * __ptr64) (CO_CommandManager.cpp,765)
﻿2024-11-19 11:12:04;ACTION;End unexecute depth 1 (CO_CommandManager.cpp,751)
﻿2024-11-19 11:12:04;ACTION;Start unexecute depth 1 (CO_CommandManager.cpp,751)
﻿  2024-11-19 11:12:04;ACTION;Start execute Brush Tool  (class CO_Command * __ptr64) (CO_CommandManager.cpp,765)
﻿  2024-11-19 11:12:04;ACTION;End execute Brush Tool  (class CO_Command * __ptr64) (CO_CommandManager.cpp,765)
﻿2024-11-19 11:12:04;ACTION;End unexecute depth 1 (CO_CommandManager.cpp,751)
﻿2024-11-19 11:12:05;ACTION;Start unexecute depth 1 (CO_CommandManager.cpp,751)
﻿  2024-11-19 11:12:05;ACTION;Start execute Create Drawing  (class CO_Command * __ptr64) (CO_CommandManager.cpp,765)
﻿  2024-11-19 11:12:05;ACTION;End execute Create Drawing  (class CO_Command * __ptr64) (CO_CommandManager.cpp,765)
﻿2024-11-19 11:12:05;ACTION;End unexecute depth 1 (CO_CommandManager.cpp,751)
﻿2024-11-19 11:12:08;ACTION;begin accum Create Drawing (CO_CommandManager.cpp,253)
﻿2024-11-19 11:12:08;ACTION;end accum (CO_CommandManager.cpp,467)
﻿2024-11-19 11:12:08;ACTION;end accum (CO_CommandManager.cpp,467)
﻿2024-11-19 11:12:08;ACTION;end accum (CO_CommandManager.cpp,467)
﻿2024-11-19 11:12:09;ACTION;begin accum Drawing Tool (CO_CommandManager.cpp,253)
﻿2024-11-19 11:12:09;ACTION;end accum (CO_CommandManager.cpp,467)
﻿2024-11-19 11:12:10;ACTION;begin accum  (CO_CommandManager.cpp,253)
﻿2024-11-19 11:12:10;ACTION;end accum (CO_CommandManager.cpp,467)
﻿2024-11-19 11:12:10;ACTION;end accum (CO_CommandManager.cpp,467)
﻿2024-11-19 11:12:11;ACTION;begin accum Drawing Tool (CO_CommandManager.cpp,253)
﻿2024-11-19 11:12:11;ACTION;end accum (CO_CommandManager.cpp,467)
﻿2024-11-19 11:12:11;ACTION;begin accum  (CO_CommandManager.cpp,253)
﻿2024-11-19 11:12:11;ACTION;end accum (CO_CommandManager.cpp,467)
﻿2024-11-19 11:12:11;ACTION;end accum (CO_CommandManager.cpp,467)
﻿2024-11-19 11:12:12;ACTION;begin accum Drawing Tool (CO_CommandManager.cpp,253)
﻿2024-11-19 11:12:12;ACTION;end accum (CO_CommandManager.cpp,467)
﻿2024-11-19 11:12:12;ACTION;begin accum  (CO_CommandManager.cpp,253)
﻿2024-11-19 11:12:12;ACTION;end accum (CO_CommandManager.cpp,467)
﻿2024-11-19 11:12:12;ACTION;end accum (CO_CommandManager.cpp,467)
﻿2024-11-19 11:12:14;ACTION;begin accum Drawing Tool (CO_CommandManager.cpp,253)
﻿2024-11-19 11:12:14;ACTION;end accum (CO_CommandManager.cpp,467)
﻿2024-11-19 11:12:14;ACTION;begin accum  (CO_CommandManager.cpp,253)
﻿2024-11-19 11:12:14;ACTION;end accum (CO_CommandManager.cpp,467)
﻿2024-11-19 11:12:14;ACTION;end accum (CO_CommandManager.cpp,467)
﻿2024-11-19 11:12:16;ACTION;begin accum Drawing Tool (CO_CommandManager.cpp,253)
﻿2024-11-19 11:12:16;ACTION;end accum (CO_CommandManager.cpp,467)
﻿2024-11-19 11:12:16;ACTION;begin accum  (CO_CommandManager.cpp,253)
﻿2024-11-19 11:12:16;ACTION;end accum (CO_CommandManager.cpp,467)
﻿2024-11-19 11:12:16;ACTION;end accum (CO_CommandManager.cpp,467)
﻿2024-11-19 11:12:17;ACTION;begin accum Drawing Tool (CO_CommandManager.cpp,253)
﻿2024-11-19 11:12:17;ACTION;end accum (CO_CommandManager.cpp,467)
﻿2024-11-19 11:12:17;ACTION;begin accum  (CO_CommandManager.cpp,253)
﻿2024-11-19 11:12:17;ACTION;end accum (CO_CommandManager.cpp,467)
﻿2024-11-19 11:12:17;ACTION;end accum (CO_CommandManager.cpp,467)
﻿2024-11-19 11:12:23;ACTION;begin accum Drawing Tool (CO_CommandManager.cpp,253)
﻿2024-11-19 11:12:23;ACTION;end accum (CO_CommandManager.cpp,467)
﻿2024-11-19 11:12:23;ACTION;begin accum  (CO_CommandManager.cpp,253)
﻿2024-11-19 11:12:23;ACTION;end accum (CO_CommandManager.cpp,467)
﻿2024-11-19 11:12:23;ACTION;end accum (CO_CommandManager.cpp,467)
﻿2024-11-19 11:12:25;ACTION;begin accum Drawing Tool (CO_CommandManager.cpp,253)
﻿2024-11-19 11:12:25;ACTION;end accum (CO_CommandManager.cpp,467)
﻿2024-11-19 11:12:25;ACTION;begin accum  (CO_CommandManager.cpp,253)
﻿2024-11-19 11:12:25;ACTION;end accum (CO_CommandManager.cpp,467)
﻿2024-11-19 11:12:25;ACTION;end accum (CO_CommandManager.cpp,467)
﻿2024-11-19 11:12:30;ACTION;Start Saving project
﻿  2024-11-19 11:12:30;ACTION;Start isSaveProjectPossible (SC_SaveUtil.cpp,254)
﻿    2024-11-19 11:12:30;Create;C:/Users/sethv/Documents/GitHub/LUCA-2/Vakken/Crossmedia/Storyboarding/Les 3/Les3/Les3.sboard+; OK 
﻿    2024-11-19 11:12:30;Delete;C:/Users/sethv/Documents/GitHub/LUCA-2/Vakken/Crossmedia/Storyboarding/Les 3/Les3/Les3.sboard+; OK 
﻿  2024-11-19 11:12:30;ACTION;End isSaveProjectPossible (SC_SaveUtil.cpp,254)
﻿  2024-11-19 11:12:30;ACTION;Start isSaveProjectPossible (SC_SaveUtil.cpp,254)
﻿    2024-11-19 11:12:30;Create;C:/Users/sethv/Documents/GitHub/LUCA-2/Vakken/Crossmedia/Storyboarding/Les 3/Les3/Les3.sboard+; OK 
﻿    2024-11-19 11:12:30;Delete;C:/Users/sethv/Documents/GitHub/LUCA-2/Vakken/Crossmedia/Storyboarding/Les 3/Les3/Les3.sboard+; OK 
﻿  2024-11-19 11:12:30;ACTION;End isSaveProjectPossible (SC_SaveUtil.cpp,254)
﻿  2024-11-19 11:12:30;ACTION;Start TUElementMgr::writeToVersionAuxFile (tuelementmgr.cpp,2101)
﻿    2024-11-19 11:12:30;Create;C:/Users/sethv/Documents/GitHub/LUCA-2/Vakken/Crossmedia/Storyboarding/Les 3/Les3/elements; OK 
﻿    2024-11-19 11:12:30;ACTION;TUElementMgr::writeToVersionAuxFile - element: 1-Draw, operation: 1
﻿    2024-11-19 11:12:30;Copy;C:/Users/sethv/AppData/Local/Temp/ToonBoomSessionTempDir/8872/elements/1.e;C:/Users/sethv/Documents/GitHub/LUCA-2/Vakken/Crossmedia/Storyboarding/Les 3/Les3/elements/Draw OK 
﻿    2024-11-19 11:12:30;Create;C:/Users/sethv/Documents/GitHub/LUCA-2/Vakken/Crossmedia/Storyboarding/Les 3/Les3/scene.elementTable; OK 
﻿  2024-11-19 11:12:30;ACTION;End TUElementMgr::writeToVersionAuxFile (tuelementmgr.cpp,2101)
﻿  2024-11-19 11:12:30;ACTION;Start saveDrawings - delete drawings (tudrawinglist.cpp,698)
﻿  2024-11-19 11:12:30;ACTION;End saveDrawings - delete drawings (tudrawinglist.cpp,698)
﻿  2024-11-19 11:12:30;ACTION;Start saveDrawings - rename to temp name (tudrawinglist.cpp,729)
﻿  2024-11-19 11:12:30;ACTION;End saveDrawings - rename to temp name (tudrawinglist.cpp,729)
﻿  2024-11-19 11:12:30;ACTION;Start saveDrawings - rename to final name (tudrawinglist.cpp,757)
﻿  2024-11-19 11:12:30;ACTION;End saveDrawings - rename to final name (tudrawinglist.cpp,757)
﻿  2024-11-19 11:12:30;ACTION;Start saveDrawings - copy all drawings from temp to project (tudrawinglist.cpp,795)
﻿  2024-11-19 11:12:30;ACTION;End saveDrawings - copy all drawings from temp to project (tudrawinglist.cpp,795)
﻿  2024-11-19 11:12:30;ACTION;Start saveDrawings - save all modified drawings in memory (tudrawinglist.cpp,862)
﻿    2024-11-19 11:12:30;Create;C:/Users/sethv/Documents/GitHub/LUCA-2/Vakken/Crossmedia/Storyboarding/Les 3/Les3/elements/Draw/Draw-2.tvg+; OK 
﻿    2024-11-19 11:12:30;Rename;C:/Users/sethv/Documents/GitHub/LUCA-2/Vakken/Crossmedia/Storyboarding/Les 3/Les3/elements/Draw/Draw-2.tvg+;Draw-2.tvg OK 
﻿  2024-11-19 11:12:30;ACTION;End saveDrawings - save all modified drawings in memory (tudrawinglist.cpp,862)
﻿  2024-11-19 11:12:30;ACTION;Start saveProject (SC_SaveUtil.cpp,425)
﻿    2024-11-19 11:12:30;Create;C:/Users/sethv/Documents/GitHub/LUCA-2/Vakken/Crossmedia/Storyboarding/Les 3/Les3/Les3.sboard+; OK 
﻿    2024-11-19 11:12:30;Rename;C:\Users\sethv\Documents\GitHub\LUCA-2\Vakken\Crossmedia\Storyboarding\Les 3\Les3/Les3.sboard+;C:\Users\sethv\Documents\GitHub\LUCA-2\Vakken\Crossmedia\Storyboarding\Les 3\Les3/Les3.sboard OK 
﻿    2024-11-19 11:12:30;ACTION;Start writeToVersionAuxFile (tuelementmgr.cpp,2558)
﻿      2024-11-19 11:12:30;ACTION;Start writeToVersionAuxFile (EM_XMLFileIO.cpp,307)
﻿        2024-11-19 11:12:30;Rename;C:\Users\sethv\Documents\GitHub\LUCA-2\Vakken\Crossmedia\Storyboarding\Les 3\Les3\Les3.aux+;C:\Users\sethv\Documents\GitHub\LUCA-2\Vakken\Crossmedia\Storyboarding\Les 3\Les3\Les3.aux OK 
﻿      2024-11-19 11:12:30;ACTION;End writeToVersionAuxFile (EM_XMLFileIO.cpp,307)
﻿    2024-11-19 11:12:30;ACTION;End writeToVersionAuxFile (tuelementmgr.cpp,2558)
﻿  2024-11-19 11:12:30;ACTION;End saveProject (SC_SaveUtil.cpp,425)
﻿  2024-11-19 11:12:30;ACTION;Start writeToDrawingVersionAuxFile (EM_XMLFileIO.cpp,454)
﻿  2024-11-19 11:12:30;ACTION;End writeToDrawingVersionAuxFile (EM_XMLFileIO.cpp,454)
﻿  2024-11-19 11:12:30;Create;C:/Users/sethv/Documents/GitHub/LUCA-2/Vakken/Crossmedia/Storyboarding/Les 3/Les3/PALETTE_LIST+; OK 
﻿  2024-11-19 11:12:30;Rename;C:/Users/sethv/Documents/GitHub/LUCA-2/Vakken/Crossmedia/Storyboarding/Les 3/Les3/PALETTE_LIST+;PALETTE_LIST OK 
﻿  2024-11-19 11:12:30;Create;C:/Users/sethv/Documents/GitHub/LUCA-2/Vakken/Crossmedia/Storyboarding/Les 3/Les3/Les3.sboard.thumbnails; OK 
﻿  2024-11-19 11:12:30;Delete;C:/Users/sethv/AppData/Roaming/Toon Boom Animation/Toon Boom Storyboard Pro/full-2400-pref/Storyboard Pro-pref.xml~; OK 
﻿  2024-11-19 11:12:30;Rename;C:/Users/sethv/AppData/Roaming/Toon Boom Animation/Toon Boom Storyboard Pro/full-2400-pref/Storyboard Pro-pref.xml;Storyboard Pro-pref.xml~ OK 
﻿  2024-11-19 11:12:30;Rename;C:/Users/sethv/AppData/Roaming/Toon Boom Animation/Toon Boom Storyboard Pro/full-2400-pref/Storyboard Pro-pref.xml+;Storyboard Pro-pref.xml OK 
﻿2024-11-19 11:12:30;ACTION;End Saving project
﻿2024-11-19 11:12:31;ACTION;begin accum Move Object (CO_CommandManager.cpp,253)
﻿2024-11-19 11:12:32;ACTION;end accum (CO_CommandManager.cpp,467)
﻿2024-11-19 11:12:32;ACTION;end accum (CO_CommandManager.cpp,467)
﻿2024-11-19 11:12:32;ACTION;end accum (CO_CommandManager.cpp,467)
﻿2024-11-19 11:12:32;ACTION;end accum (CO_CommandManager.cpp,467)
﻿2024-11-19 11:12:32;ACTION;Start Saving project
﻿  2024-11-19 11:12:32;ACTION;Start isSaveProjectPossible (SC_SaveUtil.cpp,254)
﻿    2024-11-19 11:12:32;Create;C:/Users/sethv/Documents/GitHub/LUCA-2/Vakken/Crossmedia/Storyboarding/Les 3/Les3/Les3.sboard+; OK 
﻿    2024-11-19 11:12:32;Delete;C:/Users/sethv/Documents/GitHub/LUCA-2/Vakken/Crossmedia/Storyboarding/Les 3/Les3/Les3.sboard+; OK 
﻿  2024-11-19 11:12:32;ACTION;End isSaveProjectPossible (SC_SaveUtil.cpp,254)
﻿  2024-11-19 11:12:32;ACTION;Start isSaveProjectPossible (SC_SaveUtil.cpp,254)
﻿    2024-11-19 11:12:32;Create;C:/Users/sethv/Documents/GitHub/LUCA-2/Vakken/Crossmedia/Storyboarding/Les 3/Les3/Les3.sboard+; OK 
﻿    2024-11-19 11:12:32;Delete;C:/Users/sethv/Documents/GitHub/LUCA-2/Vakken/Crossmedia/Storyboarding/Les 3/Les3/Les3.sboard+; OK 
﻿  2024-11-19 11:12:32;ACTION;End isSaveProjectPossible (SC_SaveUtil.cpp,254)
﻿  2024-11-19 11:12:32;ACTION;Start TUElementMgr::writeToVersionAuxFile (tuelementmgr.cpp,2101)
﻿    2024-11-19 11:12:32;Create;C:/Users/sethv/Documents/GitHub/LUCA-2/Vakken/Crossmedia/Storyboarding/Les 3/Les3/scene.elementTable; OK 
﻿  2024-11-19 11:12:32;ACTION;End TUElementMgr::writeToVersionAuxFile (tuelementmgr.cpp,2101)
﻿  2024-11-19 11:12:32;ACTION;Start saveDrawings - delete drawings (tudrawinglist.cpp,698)
﻿  2024-11-19 11:12:32;ACTION;End saveDrawings - delete drawings (tudrawinglist.cpp,698)
﻿  2024-11-19 11:12:32;ACTION;Start saveDrawings - rename to temp name (tudrawinglist.cpp,729)
﻿  2024-11-19 11:12:32;ACTION;End saveDrawings - rename to temp name (tudrawinglist.cpp,729)
﻿  2024-11-19 11:12:32;ACTION;Start saveDrawings - rename to final name (tudrawinglist.cpp,757)
﻿  2024-11-19 11:12:32;ACTION;End saveDrawings - rename to final name (tudrawinglist.cpp,757)
﻿  2024-11-19 11:12:32;ACTION;Start saveDrawings - copy all drawings from temp to project (tudrawinglist.cpp,795)
﻿  2024-11-19 11:12:32;ACTION;End saveDrawings - copy all drawings from temp to project (tudrawinglist.cpp,795)
﻿  2024-11-19 11:12:32;ACTION;Start saveDrawings - save all modified drawings in memory (tudrawinglist.cpp,862)
﻿    2024-11-19 11:12:32;Create;C:/Users/sethv/Documents/GitHub/LUCA-2/Vakken/Crossmedia/Storyboarding/Les 3/Les3/elements/Draw/Draw-2.tvg+; OK 
﻿    2024-11-19 11:12:32;Rename;C:/Users/sethv/Documents/GitHub/LUCA-2/Vakken/Crossmedia/Storyboarding/Les 3/Les3/elements/Draw/Draw-2.tvg;Draw-2.tvg~ OK 
﻿    2024-11-19 11:12:32;Rename;C:/Users/sethv/Documents/GitHub/LUCA-2/Vakken/Crossmedia/Storyboarding/Les 3/Les3/elements/Draw/Draw-2.tvg+;Draw-2.tvg OK 
﻿  2024-11-19 11:12:32;ACTION;End saveDrawings - save all modified drawings in memory (tudrawinglist.cpp,862)
﻿  2024-11-19 11:12:32;ACTION;Start saveProject (SC_SaveUtil.cpp,425)
﻿    2024-11-19 11:12:32;Create;C:/Users/sethv/Documents/GitHub/LUCA-2/Vakken/Crossmedia/Storyboarding/Les 3/Les3/Les3.sboard+; OK 
﻿    2024-11-19 11:12:32;Rename;C:\Users\sethv\Documents\GitHub\LUCA-2\Vakken\Crossmedia\Storyboarding\Les 3\Les3/Les3.sboard;C:\Users\sethv\Documents\GitHub\LUCA-2\Vakken\Crossmedia\Storyboarding\Les 3\Les3/Les3.sboard~ OK 
﻿    2024-11-19 11:12:32;Rename;C:\Users\sethv\Documents\GitHub\LUCA-2\Vakken\Crossmedia\Storyboarding\Les 3\Les3/Les3.sboard+;C:\Users\sethv\Documents\GitHub\LUCA-2\Vakken\Crossmedia\Storyboarding\Les 3\Les3/Les3.sboard OK 
﻿    2024-11-19 11:12:32;ACTION;Start writeToVersionAuxFile (tuelementmgr.cpp,2558)
﻿      2024-11-19 11:12:32;ACTION;Start writeToVersionAuxFile (EM_XMLFileIO.cpp,307)
﻿        2024-11-19 11:12:32;Rename;C:\Users\sethv\Documents\GitHub\LUCA-2\Vakken\Crossmedia\Storyboarding\Les 3\Les3\Les3.aux;C:\Users\sethv\Documents\GitHub\LUCA-2\Vakken\Crossmedia\Storyboarding\Les 3\Les3\Les3.aux~ OK 
﻿        2024-11-19 11:12:32;Rename;C:\Users\sethv\Documents\GitHub\LUCA-2\Vakken\Crossmedia\Storyboarding\Les 3\Les3\Les3.aux+;C:\Users\sethv\Documents\GitHub\LUCA-2\Vakken\Crossmedia\Storyboarding\Les 3\Les3\Les3.aux OK 
﻿      2024-11-19 11:12:32;ACTION;End writeToVersionAuxFile (EM_XMLFileIO.cpp,307)
﻿    2024-11-19 11:12:32;ACTION;End writeToVersionAuxFile (tuelementmgr.cpp,2558)
﻿  2024-11-19 11:12:32;ACTION;End saveProject (SC_SaveUtil.cpp,425)
﻿  2024-11-19 11:12:32;ACTION;Start writeToDrawingVersionAuxFile (EM_XMLFileIO.cpp,454)
﻿  2024-11-19 11:12:32;ACTION;End writeToDrawingVersionAuxFile (EM_XMLFileIO.cpp,454)
﻿  2024-11-19 11:12:32;Create;C:/Users/sethv/Documents/GitHub/LUCA-2/Vakken/Crossmedia/Storyboarding/Les 3/Les3/Les3.sboard.thumbnails; OK 
﻿2024-11-19 11:12:32;ACTION;End Saving project
﻿2024-11-19 11:12:37;ACTION;begin accum Drawing Tool (CO_CommandManager.cpp,253)
﻿2024-11-19 11:12:37;ACTION;end accum (CO_CommandManager.cpp,467)
﻿2024-11-19 11:12:37;ACTION;begin accum  (CO_CommandManager.cpp,253)
﻿2024-11-19 11:12:37;ACTION;end accum (CO_CommandManager.cpp,467)
﻿2024-11-19 11:12:37;ACTION;end accum (CO_CommandManager.cpp,467)
﻿2024-11-19 11:12:38;ACTION;begin accum Drawing Tool (CO_CommandManager.cpp,253)
﻿2024-11-19 11:12:38;ACTION;end accum (CO_CommandManager.cpp,467)
﻿2024-11-19 11:12:38;ACTION;begin accum  (CO_CommandManager.cpp,253)
﻿2024-11-19 11:12:38;ACTION;end accum (CO_CommandManager.cpp,467)
﻿2024-11-19 11:12:38;ACTION;end accum (CO_CommandManager.cpp,467)
﻿2024-11-19 11:12:40;ACTION;begin accum Drawing Tool (CO_CommandManager.cpp,253)
﻿2024-11-19 11:12:40;ACTION;end accum (CO_CommandManager.cpp,467)
﻿2024-11-19 11:12:40;ACTION;begin accum  (CO_CommandManager.cpp,253)
﻿2024-11-19 11:12:40;ACTION;end accum (CO_CommandManager.cpp,467)
﻿2024-11-19 11:12:40;ACTION;end accum (CO_CommandManager.cpp,467)
﻿2024-11-19 11:12:41;ACTION;begin accum Drawing Tool (CO_CommandManager.cpp,253)
﻿2024-11-19 11:12:41;ACTION;end accum (CO_CommandManager.cpp,467)
﻿2024-11-19 11:12:41;ACTION;begin accum  (CO_CommandManager.cpp,253)
﻿2024-11-19 11:12:41;ACTION;end accum (CO_CommandManager.cpp,467)
﻿2024-11-19 11:12:41;ACTION;end accum (CO_CommandManager.cpp,467)
﻿2024-11-19 11:12:41;ACTION;begin accum Drawing Tool (CO_CommandManager.cpp,253)
﻿2024-11-19 11:12:41;ACTION;end accum (CO_CommandManager.cpp,467)
﻿2024-11-19 11:12:41;ACTION;begin accum  (CO_CommandManager.cpp,253)
﻿2024-11-19 11:12:41;ACTION;end accum (CO_CommandManager.cpp,467)
﻿2024-11-19 11:12:41;ACTION;end accum (CO_CommandManager.cpp,467)
﻿2024-11-19 11:12:48;ACTION;begin accum &Delete Object (CO_CommandManager.cpp,253)
﻿2024-11-19 11:12:48;ACTION;end accum (CO_CommandManager.cpp,467)
﻿2024-11-19 11:12:48;ACTION;end accum (CO_CommandManager.cpp,467)
﻿2024-11-19 11:12:48;ACTION;end accum (CO_CommandManager.cpp,467)
﻿2024-11-19 11:12:48;ACTION;end accum (CO_CommandManager.cpp,467)
﻿2024-11-19 11:12:57;ACTION;begin accum Drawing Tool (CO_CommandManager.cpp,253)
﻿2024-11-19 11:12:57;ACTION;end accum (CO_CommandManager.cpp,467)
﻿2024-11-19 11:12:57;ACTION;begin accum  (CO_CommandManager.cpp,253)
﻿2024-11-19 11:12:57;ACTION;end accum (CO_CommandManager.cpp,467)
﻿2024-11-19 11:12:57;ACTION;end accum (CO_CommandManager.cpp,467)
﻿2024-11-19 11:13:00;ACTION;begin accum Drawing Tool (CO_CommandManager.cpp,253)
﻿2024-11-19 11:13:00;ACTION;end accum (CO_CommandManager.cpp,467)
﻿2024-11-19 11:13:00;ACTION;begin accum  (CO_CommandManager.cpp,253)
﻿2024-11-19 11:13:00;ACTION;end accum (CO_CommandManager.cpp,467)
﻿2024-11-19 11:13:00;ACTION;end accum (CO_CommandManager.cpp,467)
﻿2024-11-19 11:13:02;ACTION;begin accum Drawing Tool (CO_CommandManager.cpp,253)
﻿2024-11-19 11:13:02;ACTION;end accum (CO_CommandManager.cpp,467)
﻿2024-11-19 11:13:02;ACTION;begin accum  (CO_CommandManager.cpp,253)
﻿2024-11-19 11:13:02;ACTION;end accum (CO_CommandManager.cpp,467)
﻿2024-11-19 11:13:02;ACTION;end accum (CO_CommandManager.cpp,467)
﻿2024-11-19 11:13:04;ACTION;begin accum Drawing Tool (CO_CommandManager.cpp,253)
﻿2024-11-19 11:13:04;ACTION;end accum (CO_CommandManager.cpp,467)
﻿2024-11-19 11:13:05;ACTION;begin accum  (CO_CommandManager.cpp,253)
﻿2024-11-19 11:13:05;ACTION;end accum (CO_CommandManager.cpp,467)
﻿2024-11-19 11:13:05;ACTION;end accum (CO_CommandManager.cpp,467)
﻿2024-11-19 11:13:05;ACTION;begin accum Drawing Tool (CO_CommandManager.cpp,253)
﻿2024-11-19 11:13:05;ACTION;end accum (CO_CommandManager.cpp,467)
﻿2024-11-19 11:13:05;ACTION;begin accum  (CO_CommandManager.cpp,253)
﻿2024-11-19 11:13:05;ACTION;end accum (CO_CommandManager.cpp,467)
﻿2024-11-19 11:13:05;ACTION;end accum (CO_CommandManager.cpp,467)
﻿2024-11-19 11:13:06;ACTION;begin accum Drawing Tool (CO_CommandManager.cpp,253)
﻿2024-11-19 11:13:06;ACTION;end accum (CO_CommandManager.cpp,467)
﻿2024-11-19 11:13:06;ACTION;begin accum  (CO_CommandManager.cpp,253)
﻿2024-11-19 11:13:06;ACTION;end accum (CO_CommandManager.cpp,467)
﻿2024-11-19 11:13:06;ACTION;end accum (CO_CommandManager.cpp,467)
﻿2024-11-19 11:13:12;ACTION;begin accum Drawing Tool (CO_CommandManager.cpp,253)
﻿2024-11-19 11:13:12;ACTION;end accum (CO_CommandManager.cpp,467)
﻿2024-11-19 11:13:12;ACTION;begin accum  (CO_CommandManager.cpp,253)
﻿2024-11-19 11:13:12;ACTION;end accum (CO_CommandManager.cpp,467)
﻿2024-11-19 11:13:12;ACTION;end accum (CO_CommandManager.cpp,467)
﻿2024-11-19 11:14:16;ACTION;begin accum Create Scene (CO_CommandManager.cpp,253)
﻿2024-11-19 11:14:16;ACTION;end accum (CO_CommandManager.cpp,467)
﻿2024-11-19 11:14:20;ACTION;begin accum Create Drawing (CO_CommandManager.cpp,253)
﻿2024-11-19 11:14:20;ACTION;end accum (CO_CommandManager.cpp,467)
﻿2024-11-19 11:14:20;ACTION;end accum (CO_CommandManager.cpp,467)
﻿2024-11-19 11:14:20;ACTION;end accum (CO_CommandManager.cpp,467)
﻿2024-11-19 11:14:21;ACTION;begin accum Drawing Tool (CO_CommandManager.cpp,253)
﻿2024-11-19 11:14:21;ACTION;end accum (CO_CommandManager.cpp,467)
﻿2024-11-19 11:14:21;ACTION;begin accum  (CO_CommandManager.cpp,253)
﻿2024-11-19 11:14:21;ACTION;end accum (CO_CommandManager.cpp,467)
﻿2024-11-19 11:14:21;ACTION;end accum (CO_CommandManager.cpp,467)
﻿2024-11-19 11:14:21;ACTION;begin accum Drawing Tool (CO_CommandManager.cpp,253)
﻿2024-11-19 11:14:21;ACTION;end accum (CO_CommandManager.cpp,467)
﻿2024-11-19 11:14:21;ACTION;begin accum  (CO_CommandManager.cpp,253)
﻿2024-11-19 11:14:21;ACTION;end accum (CO_CommandManager.cpp,467)
﻿2024-11-19 11:14:21;ACTION;end accum (CO_CommandManager.cpp,467)
﻿2024-11-19 11:14:22;ACTION;begin accum Drawing Tool (CO_CommandManager.cpp,253)
﻿2024-11-19 11:14:22;ACTION;end accum (CO_CommandManager.cpp,467)
﻿2024-11-19 11:14:22;ACTION;begin accum  (CO_CommandManager.cpp,253)
﻿2024-11-19 11:14:22;ACTION;end accum (CO_CommandManager.cpp,467)
﻿2024-11-19 11:14:22;ACTION;end accum (CO_CommandManager.cpp,467)
﻿2024-11-19 11:14:23;ACTION;begin accum Drawing Tool (CO_CommandManager.cpp,253)
﻿2024-11-19 11:14:23;ACTION;end accum (CO_CommandManager.cpp,467)
﻿2024-11-19 11:14:23;ACTION;begin accum  (CO_CommandManager.cpp,253)
﻿2024-11-19 11:14:23;ACTION;end accum (CO_CommandManager.cpp,467)
﻿2024-11-19 11:14:23;ACTION;end accum (CO_CommandManager.cpp,467)
﻿2024-11-19 11:14:24;ACTION;begin accum Drawing Tool (CO_CommandManager.cpp,253)
﻿2024-11-19 11:14:24;ACTION;end accum (CO_CommandManager.cpp,467)
﻿2024-11-19 11:14:24;ACTION;begin accum  (CO_CommandManager.cpp,253)
﻿2024-11-19 11:14:24;ACTION;end accum (CO_CommandManager.cpp,467)
﻿2024-11-19 11:14:24;ACTION;end accum (CO_CommandManager.cpp,467)
﻿2024-11-19 11:14:24;ACTION;begin accum Drawing Tool (CO_CommandManager.cpp,253)
﻿2024-11-19 11:14:24;ACTION;end accum (CO_CommandManager.cpp,467)
﻿2024-11-19 11:14:25;ACTION;begin accum  (CO_CommandManager.cpp,253)
﻿2024-11-19 11:14:25;ACTION;end accum (CO_CommandManager.cpp,467)
﻿2024-11-19 11:14:25;ACTION;end accum (CO_CommandManager.cpp,467)
﻿2024-11-19 11:14:27;ACTION;begin accum Drawing Tool (CO_CommandManager.cpp,253)
﻿2024-11-19 11:14:27;ACTION;end accum (CO_CommandManager.cpp,467)
﻿2024-11-19 11:14:27;ACTION;begin accum  (CO_CommandManager.cpp,253)
﻿2024-11-19 11:14:27;ACTION;end accum (CO_CommandManager.cpp,467)
﻿2024-11-19 11:14:27;ACTION;end accum (CO_CommandManager.cpp,467)
﻿2024-11-19 11:14:27;ACTION;begin accum Drawing Tool (CO_CommandManager.cpp,253)
﻿2024-11-19 11:14:27;ACTION;end accum (CO_CommandManager.cpp,467)
﻿2024-11-19 11:14:27;ACTION;begin accum  (CO_CommandManager.cpp,253)
﻿2024-11-19 11:14:27;ACTION;end accum (CO_CommandManager.cpp,467)
﻿2024-11-19 11:14:27;ACTION;end accum (CO_CommandManager.cpp,467)
﻿2024-11-19 11:14:35;ACTION;begin accum Create Scene (CO_CommandManager.cpp,253)
﻿2024-11-19 11:14:35;ACTION;end accum (CO_CommandManager.cpp,467)
﻿2024-11-19 11:14:48;ACTION;begin accum Change Scene Duration (CO_CommandManager.cpp,253)
﻿2024-11-19 11:14:48;ACTION;end accum (CO_CommandManager.cpp,467)
﻿2024-11-19 11:14:48;ACTION;end accum (CO_CommandManager.cpp,467)
﻿2024-11-19 11:14:48;ACTION;end accum (CO_CommandManager.cpp,467)
﻿2024-11-19 11:14:48;ACTION;end accum (CO_CommandManager.cpp,467)
﻿2024-11-19 11:14:49;ACTION;begin accum Create Drawing (CO_CommandManager.cpp,253)
﻿2024-11-19 11:14:49;ACTION;end accum (CO_CommandManager.cpp,467)
﻿2024-11-19 11:14:49;ACTION;end accum (CO_CommandManager.cpp,467)
﻿2024-11-19 11:14:49;ACTION;end accum (CO_CommandManager.cpp,467)
﻿2024-11-19 11:14:50;ACTION;begin accum Drawing Tool (CO_CommandManager.cpp,253)
﻿2024-11-19 11:14:50;ACTION;end accum (CO_CommandManager.cpp,467)
﻿2024-11-19 11:14:50;ACTION;begin accum  (CO_CommandManager.cpp,253)
﻿2024-11-19 11:14:50;ACTION;end accum (CO_CommandManager.cpp,467)
﻿2024-11-19 11:14:50;ACTION;end accum (CO_CommandManager.cpp,467)
﻿2024-11-19 11:14:50;ACTION;begin accum Drawing Tool (CO_CommandManager.cpp,253)
﻿2024-11-19 11:14:50;ACTION;end accum (CO_CommandManager.cpp,467)
﻿2024-11-19 11:14:50;ACTION;begin accum  (CO_CommandManager.cpp,253)
﻿2024-11-19 11:14:50;ACTION;end accum (CO_CommandManager.cpp,467)
﻿2024-11-19 11:14:50;ACTION;end accum (CO_CommandManager.cpp,467)
﻿2024-11-19 11:14:51;ACTION;begin accum Drawing Tool (CO_CommandManager.cpp,253)
﻿2024-11-19 11:14:51;ACTION;end accum (CO_CommandManager.cpp,467)
﻿2024-11-19 11:14:51;ACTION;begin accum  (CO_CommandManager.cpp,253)
﻿2024-11-19 11:14:51;ACTION;end accum (CO_CommandManager.cpp,467)
﻿2024-11-19 11:14:51;ACTION;end accum (CO_CommandManager.cpp,467)
﻿2024-11-19 11:14:51;ACTION;begin accum Drawing Tool (CO_CommandManager.cpp,253)
﻿2024-11-19 11:14:51;ACTION;end accum (CO_CommandManager.cpp,467)
﻿2024-11-19 11:14:51;ACTION;begin accum  (CO_CommandManager.cpp,253)
﻿2024-11-19 11:14:51;ACTION;end accum (CO_CommandManager.cpp,467)
﻿2024-11-19 11:14:51;ACTION;end accum (CO_CommandManager.cpp,467)
﻿2024-11-19 11:14:52;ACTION;begin accum Drawing Tool (CO_CommandManager.cpp,253)
﻿2024-11-19 11:14:52;ACTION;end accum (CO_CommandManager.cpp,467)
﻿2024-11-19 11:14:52;ACTION;begin accum  (CO_CommandManager.cpp,253)
﻿2024-11-19 11:14:52;ACTION;end accum (CO_CommandManager.cpp,467)
﻿2024-11-19 11:14:52;ACTION;end accum (CO_CommandManager.cpp,467)
﻿2024-11-19 11:14:52;ACTION;begin accum Drawing Tool (CO_CommandManager.cpp,253)
﻿2024-11-19 11:14:52;ACTION;end accum (CO_CommandManager.cpp,467)
﻿2024-11-19 11:14:52;ACTION;begin accum  (CO_CommandManager.cpp,253)
﻿2024-11-19 11:14:52;ACTION;end accum (CO_CommandManager.cpp,467)
﻿2024-11-19 11:14:52;ACTION;end accum (CO_CommandManager.cpp,467)
﻿2024-11-19 11:14:53;ACTION;begin accum Drawing Tool (CO_CommandManager.cpp,253)
﻿2024-11-19 11:14:53;ACTION;end accum (CO_CommandManager.cpp,467)
﻿2024-11-19 11:14:53;ACTION;begin accum  (CO_CommandManager.cpp,253)
﻿2024-11-19 11:14:53;ACTION;end accum (CO_CommandManager.cpp,467)
﻿2024-11-19 11:14:53;ACTION;end accum (CO_CommandManager.cpp,467)
﻿2024-11-19 11:14:54;ACTION;begin accum Drawing Tool (CO_CommandManager.cpp,253)
﻿2024-11-19 11:14:54;ACTION;end accum (CO_CommandManager.cpp,467)
﻿2024-11-19 11:14:54;ACTION;begin accum  (CO_CommandManager.cpp,253)
﻿2024-11-19 11:14:54;ACTION;end accum (CO_CommandManager.cpp,467)
﻿2024-11-19 11:14:54;ACTION;end accum (CO_CommandManager.cpp,467)
﻿2024-11-19 11:14:54;ACTION;begin accum Drawing Tool (CO_CommandManager.cpp,253)
﻿2024-11-19 11:14:54;ACTION;end accum (CO_CommandManager.cpp,467)
﻿2024-11-19 11:14:54;ACTION;begin accum  (CO_CommandManager.cpp,253)
﻿2024-11-19 11:14:54;ACTION;end accum (CO_CommandManager.cpp,467)
﻿2024-11-19 11:14:54;ACTION;end accum (CO_CommandManager.cpp,467)
﻿2024-11-19 11:14:55;ACTION;begin accum Drawing Tool (CO_CommandManager.cpp,253)
﻿2024-11-19 11:14:55;ACTION;end accum (CO_CommandManager.cpp,467)
﻿2024-11-19 11:14:55;ACTION;begin accum  (CO_CommandManager.cpp,253)
﻿2024-11-19 11:14:55;ACTION;end accum (CO_CommandManager.cpp,467)
﻿2024-11-19 11:14:55;ACTION;end accum (CO_CommandManager.cpp,467)
﻿2024-11-19 11:14:56;ACTION;begin accum Drawing Tool (CO_CommandManager.cpp,253)
﻿2024-11-19 11:14:56;ACTION;end accum (CO_CommandManager.cpp,467)
﻿2024-11-19 11:14:56;ACTION;begin accum  (CO_CommandManager.cpp,253)
﻿2024-11-19 11:14:56;ACTION;end accum (CO_CommandManager.cpp,467)
﻿2024-11-19 11:14:56;ACTION;end accum (CO_CommandManager.cpp,467)
﻿2024-11-19 11:14:57;ACTION;begin accum Drawing Tool (CO_CommandManager.cpp,253)
﻿2024-11-19 11:14:57;ACTION;end accum (CO_CommandManager.cpp,467)
﻿2024-11-19 11:14:57;ACTION;begin accum  (CO_CommandManager.cpp,253)
﻿2024-11-19 11:14:57;ACTION;end accum (CO_CommandManager.cpp,467)
﻿2024-11-19 11:14:57;ACTION;end accum (CO_CommandManager.cpp,467)
﻿2024-11-19 11:14:58;ACTION;begin accum Drawing Tool (CO_CommandManager.cpp,253)
﻿2024-11-19 11:14:58;ACTION;end accum (CO_CommandManager.cpp,467)
﻿2024-11-19 11:14:58;ACTION;begin accum  (CO_CommandManager.cpp,253)
﻿2024-11-19 11:14:58;ACTION;end accum (CO_CommandManager.cpp,467)
﻿2024-11-19 11:14:58;ACTION;end accum (CO_CommandManager.cpp,467)
﻿2024-11-19 11:15:00;ACTION;begin accum Drawing Tool (CO_CommandManager.cpp,253)
﻿2024-11-19 11:15:00;ACTION;end accum (CO_CommandManager.cpp,467)
﻿2024-11-19 11:15:00;ACTION;begin accum  (CO_CommandManager.cpp,253)
﻿2024-11-19 11:15:00;ACTION;end accum (CO_CommandManager.cpp,467)
﻿2024-11-19 11:15:00;ACTION;end accum (CO_CommandManager.cpp,467)
﻿2024-11-19 11:15:01;ACTION;begin accum Drawing Tool (CO_CommandManager.cpp,253)
﻿2024-11-19 11:15:01;ACTION;end accum (CO_CommandManager.cpp,467)
﻿2024-11-19 11:15:01;ACTION;begin accum  (CO_CommandManager.cpp,253)
﻿2024-11-19 11:15:01;ACTION;end accum (CO_CommandManager.cpp,467)
﻿2024-11-19 11:15:01;ACTION;end accum (CO_CommandManager.cpp,467)
﻿2024-11-19 11:15:02;ACTION;begin accum Drawing Tool (CO_CommandManager.cpp,253)
﻿2024-11-19 11:15:02;ACTION;end accum (CO_CommandManager.cpp,467)
﻿2024-11-19 11:15:02;ACTION;begin accum  (CO_CommandManager.cpp,253)
﻿2024-11-19 11:15:02;ACTION;end accum (CO_CommandManager.cpp,467)
﻿2024-11-19 11:15:02;ACTION;end accum (CO_CommandManager.cpp,467)
﻿2024-11-19 11:15:30;ACTION;begin accum Create Scene (CO_CommandManager.cpp,253)
﻿2024-11-19 11:15:30;ACTION;end accum (CO_CommandManager.cpp,467)
﻿2024-11-19 11:15:42;ACTION;begin accum Create Drawing (CO_CommandManager.cpp,253)
﻿2024-11-19 11:15:42;ACTION;end accum (CO_CommandManager.cpp,467)
﻿2024-11-19 11:15:42;ACTION;end accum (CO_CommandManager.cpp,467)
﻿2024-11-19 11:15:42;ACTION;end accum (CO_CommandManager.cpp,467)
﻿2024-11-19 11:15:43;ACTION;begin accum Drawing Tool (CO_CommandManager.cpp,253)
﻿2024-11-19 11:15:43;ACTION;end accum (CO_CommandManager.cpp,467)
﻿2024-11-19 11:15:43;ACTION;begin accum  (CO_CommandManager.cpp,253)
﻿2024-11-19 11:15:43;ACTION;end accum (CO_CommandManager.cpp,467)
﻿2024-11-19 11:15:43;ACTION;end accum (CO_CommandManager.cpp,467)
﻿2024-11-19 11:15:44;ACTION;begin accum Drawing Tool (CO_CommandManager.cpp,253)
﻿2024-11-19 11:15:44;ACTION;end accum (CO_CommandManager.cpp,467)
﻿2024-11-19 11:15:44;ACTION;begin accum  (CO_CommandManager.cpp,253)
﻿2024-11-19 11:15:44;ACTION;end accum (CO_CommandManager.cpp,467)
﻿2024-11-19 11:15:44;ACTION;end accum (CO_CommandManager.cpp,467)
﻿2024-11-19 11:15:46;ACTION;begin accum Drawing Tool (CO_CommandManager.cpp,253)
﻿2024-11-19 11:15:46;ACTION;end accum (CO_CommandManager.cpp,467)
﻿2024-11-19 11:15:46;ACTION;begin accum  (CO_CommandManager.cpp,253)
﻿2024-11-19 11:15:46;ACTION;end accum (CO_CommandManager.cpp,467)
﻿2024-11-19 11:15:46;ACTION;end accum (CO_CommandManager.cpp,467)
﻿2024-11-19 11:15:47;ACTION;begin accum Drawing Tool (CO_CommandManager.cpp,253)
﻿2024-11-19 11:15:47;ACTION;end accum (CO_CommandManager.cpp,467)
﻿2024-11-19 11:15:47;ACTION;begin accum  (CO_CommandManager.cpp,253)
﻿2024-11-19 11:15:47;ACTION;end accum (CO_CommandManager.cpp,467)
﻿2024-11-19 11:15:47;ACTION;end accum (CO_CommandManager.cpp,467)
﻿2024-11-19 11:15:48;ACTION;begin accum Drawing Tool (CO_CommandManager.cpp,253)
﻿2024-11-19 11:15:48;ACTION;end accum (CO_CommandManager.cpp,467)
﻿2024-11-19 11:15:48;ACTION;begin accum  (CO_CommandManager.cpp,253)
﻿2024-11-19 11:15:48;ACTION;end accum (CO_CommandManager.cpp,467)
﻿2024-11-19 11:15:48;ACTION;end accum (CO_CommandManager.cpp,467)
﻿2024-11-19 11:15:49;ACTION;begin accum Drawing Tool (CO_CommandManager.cpp,253)
﻿2024-11-19 11:15:49;ACTION;end accum (CO_CommandManager.cpp,467)
﻿2024-11-19 11:15:49;ACTION;begin accum  (CO_CommandManager.cpp,253)
﻿2024-11-19 11:15:49;ACTION;end accum (CO_CommandManager.cpp,467)
﻿2024-11-19 11:15:49;ACTION;end accum (CO_CommandManager.cpp,467)
﻿2024-11-19 11:15:50;ACTION;begin accum Drawing Tool (CO_CommandManager.cpp,253)
﻿2024-11-19 11:15:50;ACTION;end accum (CO_CommandManager.cpp,467)
﻿2024-11-19 11:15:50;ACTION;begin accum  (CO_CommandManager.cpp,253)
﻿2024-11-19 11:15:50;ACTION;end accum (CO_CommandManager.cpp,467)
﻿2024-11-19 11:15:50;ACTION;end accum (CO_CommandManager.cpp,467)
﻿2024-11-19 11:15:56;ACTION;begin accum Change Scene Duration (CO_CommandManager.cpp,253)
﻿2024-11-19 11:15:56;ACTION;end accum (CO_CommandManager.cpp,467)
﻿2024-11-19 11:15:56;ACTION;end accum (CO_CommandManager.cpp,467)
﻿2024-11-19 11:15:56;ACTION;end accum (CO_CommandManager.cpp,467)
﻿2024-11-19 11:15:56;ACTION;end accum (CO_CommandManager.cpp,467)
﻿2024-11-19 11:16:21;ACTION;begin accum Add Keyframe (CO_CommandManager.cpp,253)
﻿2024-11-19 11:16:21;ACTION;end accum (CO_CommandManager.cpp,467)
﻿2024-11-19 11:16:21;ACTION;end accum (CO_CommandManager.cpp,467)
﻿2024-11-19 11:16:21;ACTION;begin accum Delete Keyframe (CO_CommandManager.cpp,253)
﻿2024-11-19 11:16:21;ACTION;end accum (CO_CommandManager.cpp,467)
﻿2024-11-19 11:16:21;ACTION;end accum (CO_CommandManager.cpp,467)
﻿2024-11-19 11:16:23;ACTION;begin accum Add Keyframe (CO_CommandManager.cpp,253)
﻿2024-11-19 11:16:23;ACTION;end accum (CO_CommandManager.cpp,467)
﻿2024-11-19 11:16:23;ACTION;end accum (CO_CommandManager.cpp,467)
﻿2024-11-19 11:16:26;ACTION;begin accum Add Keyframe (CO_CommandManager.cpp,253)
﻿2024-11-19 11:16:26;ACTION;end accum (CO_CommandManager.cpp,467)
﻿2024-11-19 11:16:26;ACTION;end accum (CO_CommandManager.cpp,467)
﻿2024-11-19 11:18:08;ACTION;begin accum Modify Camera (CO_CommandManager.cpp,253)
﻿2024-11-19 11:18:08;ACTION;end accum (CO_CommandManager.cpp,467)
﻿2024-11-19 11:18:08;ACTION;end accum (CO_CommandManager.cpp,467)
﻿2024-11-19 11:18:11;ACTION;begin accum Modify Camera (CO_CommandManager.cpp,253)
﻿2024-11-19 11:18:11;ACTION;end accum (CO_CommandManager.cpp,467)
﻿2024-11-19 11:18:11;ACTION;end accum (CO_CommandManager.cpp,467)
﻿2024-11-19 11:18:14;ACTION;begin accum Modify Camera (CO_CommandManager.cpp,253)
﻿2024-11-19 11:18:14;ACTION;end accum (CO_CommandManager.cpp,467)
﻿2024-11-19 11:18:14;ACTION;end accum (CO_CommandManager.cpp,467)
﻿2024-11-19 11:18:16;ACTION;begin accum Modify Camera (CO_CommandManager.cpp,253)
﻿2024-11-19 11:18:16;ACTION;end accum (CO_CommandManager.cpp,467)
﻿2024-11-19 11:18:16;ACTION;end accum (CO_CommandManager.cpp,467)
﻿2024-11-19 11:18:23;ACTION;begin accum Modify Camera (CO_CommandManager.cpp,253)
﻿2024-11-19 11:18:23;ACTION;end accum (CO_CommandManager.cpp,467)
﻿2024-11-19 11:18:23;ACTION;end accum (CO_CommandManager.cpp,467)
﻿2024-11-19 11:18:24;ACTION;begin accum Set Camera Ease In/Out (CO_CommandManager.cpp,253)
﻿2024-11-19 11:18:24;ACTION;end accum (CO_CommandManager.cpp,467)
﻿2024-11-19 11:18:24;ACTION;end accum (CO_CommandManager.cpp,467)
﻿2024-11-19 11:18:24;ACTION;begin accum Set Camera Ease In/Out (CO_CommandManager.cpp,253)
﻿2024-11-19 11:18:24;ACTION;end accum (CO_CommandManager.cpp,467)
﻿2024-11-19 11:18:24;ACTION;end accum (CO_CommandManager.cpp,467)
﻿2024-11-19 11:18:24;ACTION;begin accum Set Camera Ease In/Out (CO_CommandManager.cpp,253)
﻿2024-11-19 11:18:24;ACTION;end accum (CO_CommandManager.cpp,467)
﻿2024-11-19 11:18:24;ACTION;end accum (CO_CommandManager.cpp,467)
﻿2024-11-19 11:18:24;ACTION;begin accum Set Camera Ease In/Out (CO_CommandManager.cpp,253)
﻿2024-11-19 11:18:24;ACTION;end accum (CO_CommandManager.cpp,467)
﻿2024-11-19 11:18:24;ACTION;end accum (CO_CommandManager.cpp,467)
﻿2024-11-19 11:18:24;ACTION;begin accum Set Camera Ease In/Out (CO_CommandManager.cpp,253)
﻿2024-11-19 11:18:24;ACTION;end accum (CO_CommandManager.cpp,467)
﻿2024-11-19 11:18:24;ACTION;end accum (CO_CommandManager.cpp,467)
﻿2024-11-19 11:18:25;ACTION;begin accum Set Camera Ease In/Out (CO_CommandManager.cpp,253)
﻿2024-11-19 11:18:25;ACTION;end accum (CO_CommandManager.cpp,467)
﻿2024-11-19 11:18:25;ACTION;end accum (CO_CommandManager.cpp,467)
﻿2024-11-19 11:18:25;ACTION;begin accum Set Camera Ease In/Out (CO_CommandManager.cpp,253)
﻿2024-11-19 11:18:25;ACTION;end accum (CO_CommandManager.cpp,467)
﻿2024-11-19 11:18:25;ACTION;end accum (CO_CommandManager.cpp,467)
﻿2024-11-19 11:18:25;ACTION;begin accum Set Camera Ease In/Out (CO_CommandManager.cpp,253)
﻿2024-11-19 11:18:25;ACTION;end accum (CO_CommandManager.cpp,467)
﻿2024-11-19 11:18:25;ACTION;end accum (CO_CommandManager.cpp,467)
﻿2024-11-19 11:18:25;ACTION;begin accum Set Camera Ease In/Out (CO_CommandManager.cpp,253)
﻿2024-11-19 11:18:25;ACTION;end accum (CO_CommandManager.cpp,467)
﻿2024-11-19 11:18:25;ACTION;end accum (CO_CommandManager.cpp,467)
﻿2024-11-19 11:18:25;ACTION;begin accum Set Camera Ease In/Out (CO_CommandManager.cpp,253)
﻿2024-11-19 11:18:25;ACTION;end accum (CO_CommandManager.cpp,467)
﻿2024-11-19 11:18:25;ACTION;end accum (CO_CommandManager.cpp,467)
﻿2024-11-19 11:18:26;ACTION;begin accum Set Camera Ease In/Out (CO_CommandManager.cpp,253)
﻿2024-11-19 11:18:26;ACTION;end accum (CO_CommandManager.cpp,467)
﻿2024-11-19 11:18:26;ACTION;end accum (CO_CommandManager.cpp,467)
﻿2024-11-19 11:18:27;ACTION;begin accum Set Camera Ease In/Out (CO_CommandManager.cpp,253)
﻿2024-11-19 11:18:27;ACTION;end accum (CO_CommandManager.cpp,467)
﻿2024-11-19 11:18:27;ACTION;end accum (CO_CommandManager.cpp,467)
﻿2024-11-19 11:18:27;ACTION;begin accum Set Camera Ease In/Out (CO_CommandManager.cpp,253)
﻿2024-11-19 11:18:27;ACTION;end accum (CO_CommandManager.cpp,467)
﻿2024-11-19 11:18:27;ACTION;end accum (CO_CommandManager.cpp,467)
﻿2024-11-19 11:18:27;ACTION;begin accum Set Camera Ease In/Out (CO_CommandManager.cpp,253)
﻿2024-11-19 11:18:27;ACTION;end accum (CO_CommandManager.cpp,467)
﻿2024-11-19 11:18:27;ACTION;end accum (CO_CommandManager.cpp,467)
﻿2024-11-19 11:18:27;ACTION;begin accum Set Camera Ease In/Out (CO_CommandManager.cpp,253)
﻿2024-11-19 11:18:27;ACTION;end accum (CO_CommandManager.cpp,467)
﻿2024-11-19 11:18:27;ACTION;end accum (CO_CommandManager.cpp,467)
﻿2024-11-19 11:18:27;ACTION;begin accum Set Camera Ease In/Out (CO_CommandManager.cpp,253)
﻿2024-11-19 11:18:27;ACTION;end accum (CO_CommandManager.cpp,467)
﻿2024-11-19 11:18:27;ACTION;end accum (CO_CommandManager.cpp,467)
﻿2024-11-19 11:18:27;ACTION;begin accum Set Camera Ease In/Out (CO_CommandManager.cpp,253)
﻿2024-11-19 11:18:27;ACTION;end accum (CO_CommandManager.cpp,467)
﻿2024-11-19 11:18:27;ACTION;end accum (CO_CommandManager.cpp,467)
﻿2024-11-19 11:18:27;ACTION;begin accum Set Camera Ease In/Out (CO_CommandManager.cpp,253)
﻿2024-11-19 11:18:27;ACTION;end accum (CO_CommandManager.cpp,467)
﻿2024-11-19 11:18:27;ACTION;end accum (CO_CommandManager.cpp,467)
﻿2024-11-19 11:18:28;ACTION;begin accum Set Camera Ease In/Out (CO_CommandManager.cpp,253)
﻿2024-11-19 11:18:28;ACTION;end accum (CO_CommandManager.cpp,467)
﻿2024-11-19 11:18:28;ACTION;end accum (CO_CommandManager.cpp,467)
﻿2024-11-19 11:18:28;ACTION;begin accum Set Camera Ease In/Out (CO_CommandManager.cpp,253)
﻿2024-11-19 11:18:28;ACTION;end accum (CO_CommandManager.cpp,467)
﻿2024-11-19 11:18:28;ACTION;end accum (CO_CommandManager.cpp,467)
﻿2024-11-19 11:18:28;ACTION;begin accum Set Camera Ease In/Out (CO_CommandManager.cpp,253)
﻿2024-11-19 11:18:28;ACTION;end accum (CO_CommandManager.cpp,467)
﻿2024-11-19 11:18:28;ACTION;end accum (CO_CommandManager.cpp,467)
﻿2024-11-19 11:18:28;ACTION;begin accum Set Camera Ease In/Out (CO_CommandManager.cpp,253)
﻿2024-11-19 11:18:28;ACTION;end accum (CO_CommandManager.cpp,467)
﻿2024-11-19 11:18:28;ACTION;end accum (CO_CommandManager.cpp,467)
﻿2024-11-19 11:18:28;ACTION;begin accum Set Camera Ease In/Out (CO_CommandManager.cpp,253)
﻿2024-11-19 11:18:28;ACTION;end accum (CO_CommandManager.cpp,467)
﻿2024-11-19 11:18:28;ACTION;end accum (CO_CommandManager.cpp,467)
﻿2024-11-19 11:18:28;ACTION;begin accum Set Camera Ease In/Out (CO_CommandManager.cpp,253)
﻿2024-11-19 11:18:28;ACTION;end accum (CO_CommandManager.cpp,467)
﻿2024-11-19 11:18:28;ACTION;end accum (CO_CommandManager.cpp,467)
﻿2024-11-19 11:18:29;ACTION;begin accum Set Camera Ease In/Out (CO_CommandManager.cpp,253)
﻿2024-11-19 11:18:29;ACTION;end accum (CO_CommandManager.cpp,467)
﻿2024-11-19 11:18:29;ACTION;end accum (CO_CommandManager.cpp,467)
﻿2024-11-19 11:18:29;ACTION;begin accum Set Camera Ease In/Out (CO_CommandManager.cpp,253)
﻿2024-11-19 11:18:29;ACTION;end accum (CO_CommandManager.cpp,467)
﻿2024-11-19 11:18:29;ACTION;end accum (CO_CommandManager.cpp,467)
﻿2024-11-19 11:18:29;ACTION;begin accum Set Camera Ease In/Out (CO_CommandManager.cpp,253)
﻿2024-11-19 11:18:29;ACTION;end accum (CO_CommandManager.cpp,467)
﻿2024-11-19 11:18:29;ACTION;end accum (CO_CommandManager.cpp,467)
﻿2024-11-19 11:18:29;ACTION;begin accum Set Camera Ease In/Out (CO_CommandManager.cpp,253)
﻿2024-11-19 11:18:29;ACTION;end accum (CO_CommandManager.cpp,467)
﻿2024-11-19 11:18:29;ACTION;end accum (CO_CommandManager.cpp,467)
﻿2024-11-19 11:18:29;ACTION;begin accum Set Camera Ease In/Out (CO_CommandManager.cpp,253)
﻿2024-11-19 11:18:29;ACTION;end accum (CO_CommandManager.cpp,467)
﻿2024-11-19 11:18:29;ACTION;end accum (CO_CommandManager.cpp,467)
﻿2024-11-19 11:18:29;ACTION;begin accum Set Camera Ease In/Out (CO_CommandManager.cpp,253)
﻿2024-11-19 11:18:29;ACTION;end accum (CO_CommandManager.cpp,467)
﻿2024-11-19 11:18:29;ACTION;end accum (CO_CommandManager.cpp,467)
﻿2024-11-19 11:18:30;ACTION;begin accum Set Camera Ease In/Out (CO_CommandManager.cpp,253)
﻿2024-11-19 11:18:30;ACTION;end accum (CO_CommandManager.cpp,467)
﻿2024-11-19 11:18:30;ACTION;end accum (CO_CommandManager.cpp,467)
﻿2024-11-19 11:18:30;ACTION;begin accum Set Camera Ease In/Out (CO_CommandManager.cpp,253)
﻿2024-11-19 11:18:30;ACTION;end accum (CO_CommandManager.cpp,467)
﻿2024-11-19 11:18:30;ACTION;end accum (CO_CommandManager.cpp,467)
﻿2024-11-19 11:18:30;ACTION;begin accum Set Camera Ease In/Out (CO_CommandManager.cpp,253)
﻿2024-11-19 11:18:30;ACTION;end accum (CO_CommandManager.cpp,467)
﻿2024-11-19 11:18:30;ACTION;end accum (CO_CommandManager.cpp,467)
﻿2024-11-19 11:18:30;ACTION;begin accum Set Camera Ease In/Out (CO_CommandManager.cpp,253)
﻿2024-11-19 11:18:30;ACTION;end accum (CO_CommandManager.cpp,467)
﻿2024-11-19 11:18:30;ACTION;end accum (CO_CommandManager.cpp,467)
﻿2024-11-19 11:18:30;ACTION;begin accum Set Camera Ease In/Out (CO_CommandManager.cpp,253)
﻿2024-11-19 11:18:30;ACTION;end accum (CO_CommandManager.cpp,467)
﻿2024-11-19 11:18:30;ACTION;end accum (CO_CommandManager.cpp,467)
﻿2024-11-19 11:18:30;ACTION;begin accum Set Camera Ease In/Out (CO_CommandManager.cpp,253)
﻿2024-11-19 11:18:30;ACTION;end accum (CO_CommandManager.cpp,467)
﻿2024-11-19 11:18:30;ACTION;end accum (CO_CommandManager.cpp,467)
﻿2024-11-19 11:18:30;ACTION;begin accum Set Camera Ease In/Out (CO_CommandManager.cpp,253)
﻿2024-11-19 11:18:30;ACTION;end accum (CO_CommandManager.cpp,467)
﻿2024-11-19 11:18:30;ACTION;end accum (CO_CommandManager.cpp,467)
﻿2024-11-19 11:18:31;ACTION;begin accum Set Camera Ease In/Out (CO_CommandManager.cpp,253)
﻿2024-11-19 11:18:31;ACTION;end accum (CO_CommandManager.cpp,467)
﻿2024-11-19 11:18:31;ACTION;end accum (CO_CommandManager.cpp,467)
﻿2024-11-19 11:18:31;ACTION;begin accum Set Camera Ease In/Out (CO_CommandManager.cpp,253)
﻿2024-11-19 11:18:31;ACTION;end accum (CO_CommandManager.cpp,467)
﻿2024-11-19 11:18:31;ACTION;end accum (CO_CommandManager.cpp,467)
﻿2024-11-19 11:18:31;ACTION;begin accum Set Camera Ease In/Out (CO_CommandManager.cpp,253)
﻿2024-11-19 11:18:31;ACTION;end accum (CO_CommandManager.cpp,467)
﻿2024-11-19 11:18:31;ACTION;end accum (CO_CommandManager.cpp,467)
﻿2024-11-19 11:18:31;ACTION;begin accum Set Camera Ease In/Out (CO_CommandManager.cpp,253)
﻿2024-11-19 11:18:31;ACTION;end accum (CO_CommandManager.cpp,467)
﻿2024-11-19 11:18:31;ACTION;end accum (CO_CommandManager.cpp,467)
﻿2024-11-19 11:18:31;ACTION;begin accum Set Camera Ease In/Out (CO_CommandManager.cpp,253)
﻿2024-11-19 11:18:31;ACTION;end accum (CO_CommandManager.cpp,467)
﻿2024-11-19 11:18:31;ACTION;end accum (CO_CommandManager.cpp,467)
﻿2024-11-19 11:18:31;ACTION;begin accum Set Camera Ease In/Out (CO_CommandManager.cpp,253)
﻿2024-11-19 11:18:31;ACTION;end accum (CO_CommandManager.cpp,467)
﻿2024-11-19 11:18:31;ACTION;end accum (CO_CommandManager.cpp,467)
﻿2024-11-19 11:18:31;ACTION;begin accum Set Camera Ease In/Out (CO_CommandManager.cpp,253)
﻿2024-11-19 11:18:31;ACTION;end accum (CO_CommandManager.cpp,467)
﻿2024-11-19 11:18:31;ACTION;end accum (CO_CommandManager.cpp,467)
﻿2024-11-19 11:18:32;ACTION;begin accum Set Camera Ease In/Out (CO_CommandManager.cpp,253)
﻿2024-11-19 11:18:32;ACTION;end accum (CO_CommandManager.cpp,467)
﻿2024-11-19 11:18:32;ACTION;end accum (CO_CommandManager.cpp,467)
﻿2024-11-19 11:20:29;ACTION;begin accum Drawing Tool (CO_CommandManager.cpp,253)
﻿2024-11-19 11:20:29;ACTION;end accum (CO_CommandManager.cpp,467)
﻿2024-11-19 11:20:29;ACTION;begin accum  (CO_CommandManager.cpp,253)
﻿2024-11-19 11:20:29;ACTION;end accum (CO_CommandManager.cpp,467)
﻿2024-11-19 11:20:29;ACTION;end accum (CO_CommandManager.cpp,467)
﻿2024-11-19 11:20:30;ACTION;begin accum Drawing Tool (CO_CommandManager.cpp,253)
﻿2024-11-19 11:20:30;ACTION;end accum (CO_CommandManager.cpp,467)
﻿2024-11-19 11:20:30;ACTION;begin accum  (CO_CommandManager.cpp,253)
﻿2024-11-19 11:20:30;ACTION;end accum (CO_CommandManager.cpp,467)
﻿2024-11-19 11:20:30;ACTION;end accum (CO_CommandManager.cpp,467)
﻿2024-11-19 11:20:31;ACTION;begin accum Drawing Tool (CO_CommandManager.cpp,253)
﻿2024-11-19 11:20:31;ACTION;end accum (CO_CommandManager.cpp,467)
﻿2024-11-19 11:20:31;ACTION;begin accum  (CO_CommandManager.cpp,253)
﻿2024-11-19 11:20:31;ACTION;end accum (CO_CommandManager.cpp,467)
﻿2024-11-19 11:20:31;ACTION;end accum (CO_CommandManager.cpp,467)
﻿2024-11-19 11:20:32;ACTION;begin accum Drawing Tool (CO_CommandManager.cpp,253)
﻿2024-11-19 11:20:32;ACTION;end accum (CO_CommandManager.cpp,467)
﻿2024-11-19 11:20:32;ACTION;begin accum  (CO_CommandManager.cpp,253)
﻿2024-11-19 11:20:32;ACTION;end accum (CO_CommandManager.cpp,467)
﻿2024-11-19 11:20:32;ACTION;end accum (CO_CommandManager.cpp,467)
﻿2024-11-19 11:20:33;ACTION;begin accum Drawing Tool (CO_CommandManager.cpp,253)
﻿2024-11-19 11:20:33;ACTION;end accum (CO_CommandManager.cpp,467)
﻿2024-11-19 11:20:33;ACTION;begin accum  (CO_CommandManager.cpp,253)
﻿2024-11-19 11:20:33;ACTION;end accum (CO_CommandManager.cpp,467)
﻿2024-11-19 11:20:33;ACTION;end accum (CO_CommandManager.cpp,467)
﻿2024-11-19 11:20:33;ACTION;Start unexecute depth 1 (CO_CommandManager.cpp,751)
﻿  2024-11-19 11:20:33;ACTION;Start execute Brush Tool  (class CO_Command * __ptr64) (CO_CommandManager.cpp,765)
﻿  2024-11-19 11:20:33;ACTION;End execute Brush Tool  (class CO_Command * __ptr64) (CO_CommandManager.cpp,765)
﻿2024-11-19 11:20:33;ACTION;End unexecute depth 1 (CO_CommandManager.cpp,751)
﻿2024-11-19 11:20:33;ACTION;Start unexecute depth 1 (CO_CommandManager.cpp,751)
﻿  2024-11-19 11:20:33;ACTION;Start execute Brush Tool  (class CO_Command * __ptr64) (CO_CommandManager.cpp,765)
﻿  2024-11-19 11:20:33;ACTION;End execute Brush Tool  (class CO_Command * __ptr64) (CO_CommandManager.cpp,765)
﻿2024-11-19 11:20:33;ACTION;End unexecute depth 1 (CO_CommandManager.cpp,751)
﻿2024-11-19 11:20:34;ACTION;begin accum Drawing Tool (CO_CommandManager.cpp,253)
﻿2024-11-19 11:20:34;ACTION;end accum (CO_CommandManager.cpp,467)
﻿2024-11-19 11:20:34;ACTION;begin accum  (CO_CommandManager.cpp,253)
﻿2024-11-19 11:20:34;ACTION;end accum (CO_CommandManager.cpp,467)
﻿2024-11-19 11:20:34;ACTION;end accum (CO_CommandManager.cpp,467)
﻿2024-11-19 11:20:34;ACTION;Start unexecute depth 1 (CO_CommandManager.cpp,751)
﻿  2024-11-19 11:20:34;ACTION;Start execute Brush Tool  (class CO_Command * __ptr64) (CO_CommandManager.cpp,765)
﻿  2024-11-19 11:20:34;ACTION;End execute Brush Tool  (class CO_Command * __ptr64) (CO_CommandManager.cpp,765)
﻿2024-11-19 11:20:34;ACTION;End unexecute depth 1 (CO_CommandManager.cpp,751)
﻿2024-11-19 11:20:35;ACTION;begin accum Drawing Tool (CO_CommandManager.cpp,253)
﻿2024-11-19 11:20:35;ACTION;end accum (CO_CommandManager.cpp,467)
﻿2024-11-19 11:20:35;ACTION;begin accum  (CO_CommandManager.cpp,253)
﻿2024-11-19 11:20:35;ACTION;end accum (CO_CommandManager.cpp,467)
﻿2024-11-19 11:20:35;ACTION;end accum (CO_CommandManager.cpp,467)
﻿2024-11-19 11:20:35;ACTION;Start unexecute depth 1 (CO_CommandManager.cpp,751)
﻿  2024-11-19 11:20:35;ACTION;Start execute Brush Tool  (class CO_Command * __ptr64) (CO_CommandManager.cpp,765)
﻿  2024-11-19 11:20:35;ACTION;End execute Brush Tool  (class CO_Command * __ptr64) (CO_CommandManager.cpp,765)
﻿2024-11-19 11:20:35;ACTION;End unexecute depth 1 (CO_CommandManager.cpp,751)
﻿2024-11-19 11:20:37;ACTION;begin accum Drawing Tool (CO_CommandManager.cpp,253)
﻿2024-11-19 11:20:37;ACTION;end accum (CO_CommandManager.cpp,467)
﻿2024-11-19 11:20:37;ACTION;begin accum  (CO_CommandManager.cpp,253)
﻿2024-11-19 11:20:37;ACTION;end accum (CO_CommandManager.cpp,467)
﻿2024-11-19 11:20:37;ACTION;end accum (CO_CommandManager.cpp,467)
﻿2024-11-19 11:20:38;ACTION;begin accum Drawing Tool (CO_CommandManager.cpp,253)
﻿2024-11-19 11:20:38;ACTION;end accum (CO_CommandManager.cpp,467)
﻿2024-11-19 11:20:38;ACTION;begin accum  (CO_CommandManager.cpp,253)
﻿2024-11-19 11:20:38;ACTION;end accum (CO_CommandManager.cpp,467)
﻿2024-11-19 11:20:38;ACTION;end accum (CO_CommandManager.cpp,467)
﻿2024-11-19 11:20:39;ACTION;begin accum Drawing Tool (CO_CommandManager.cpp,253)
﻿2024-11-19 11:20:39;ACTION;end accum (CO_CommandManager.cpp,467)
﻿2024-11-19 11:20:39;ACTION;begin accum  (CO_CommandManager.cpp,253)
﻿2024-11-19 11:20:39;ACTION;end accum (CO_CommandManager.cpp,467)
﻿2024-11-19 11:20:39;ACTION;end accum (CO_CommandManager.cpp,467)
﻿2024-11-19 11:20:39;ACTION;Start unexecute depth 1 (CO_CommandManager.cpp,751)
﻿  2024-11-19 11:20:39;ACTION;Start execute Brush Tool  (class CO_Command * __ptr64) (CO_CommandManager.cpp,765)
﻿  2024-11-19 11:20:39;ACTION;End execute Brush Tool  (class CO_Command * __ptr64) (CO_CommandManager.cpp,765)
﻿2024-11-19 11:20:39;ACTION;End unexecute depth 1 (CO_CommandManager.cpp,751)
﻿2024-11-19 11:20:40;ACTION;begin accum Drawing Tool (CO_CommandManager.cpp,253)
﻿2024-11-19 11:20:40;ACTION;end accum (CO_CommandManager.cpp,467)
﻿2024-11-19 11:20:40;ACTION;begin accum  (CO_CommandManager.cpp,253)
﻿2024-11-19 11:20:40;ACTION;end accum (CO_CommandManager.cpp,467)
﻿2024-11-19 11:20:40;ACTION;end accum (CO_CommandManager.cpp,467)
﻿2024-11-19 11:20:43;ACTION;begin accum Drawing Tool (CO_CommandManager.cpp,253)
﻿2024-11-19 11:20:43;ACTION;end accum (CO_CommandManager.cpp,467)
﻿2024-11-19 11:20:43;ACTION;begin accum  (CO_CommandManager.cpp,253)
﻿2024-11-19 11:20:43;ACTION;end accum (CO_CommandManager.cpp,467)
﻿2024-11-19 11:20:43;ACTION;end accum (CO_CommandManager.cpp,467)
﻿2024-11-19 11:20:44;ACTION;Start unexecute depth 1 (CO_CommandManager.cpp,751)
﻿  2024-11-19 11:20:44;ACTION;Start execute Brush Tool  (class CO_Command * __ptr64) (CO_CommandManager.cpp,765)
﻿  2024-11-19 11:20:44;ACTION;End execute Brush Tool  (class CO_Command * __ptr64) (CO_CommandManager.cpp,765)
﻿2024-11-19 11:20:44;ACTION;End unexecute depth 1 (CO_CommandManager.cpp,751)
﻿2024-11-19 11:20:44;ACTION;begin accum Drawing Tool (CO_CommandManager.cpp,253)
﻿2024-11-19 11:20:44;ACTION;end accum (CO_CommandManager.cpp,467)
﻿2024-11-19 11:20:44;ACTION;begin accum  (CO_CommandManager.cpp,253)
﻿2024-11-19 11:20:44;ACTION;end accum (CO_CommandManager.cpp,467)
﻿2024-11-19 11:20:44;ACTION;end accum (CO_CommandManager.cpp,467)
﻿2024-11-19 11:20:45;ACTION;begin accum Drawing Tool (CO_CommandManager.cpp,253)
﻿2024-11-19 11:20:45;ACTION;end accum (CO_CommandManager.cpp,467)
﻿2024-11-19 11:20:45;ACTION;begin accum  (CO_CommandManager.cpp,253)
﻿2024-11-19 11:20:45;ACTION;end accum (CO_CommandManager.cpp,467)
﻿2024-11-19 11:20:45;ACTION;end accum (CO_CommandManager.cpp,467)
﻿2024-11-19 11:20:45;ACTION;Start unexecute depth 1 (CO_CommandManager.cpp,751)
﻿  2024-11-19 11:20:45;ACTION;Start execute Brush Tool  (class CO_Command * __ptr64) (CO_CommandManager.cpp,765)
﻿  2024-11-19 11:20:45;ACTION;End execute Brush Tool  (class CO_Command * __ptr64) (CO_CommandManager.cpp,765)
﻿2024-11-19 11:20:45;ACTION;End unexecute depth 1 (CO_CommandManager.cpp,751)
﻿2024-11-19 11:20:46;ACTION;begin accum Drawing Tool (CO_CommandManager.cpp,253)
﻿2024-11-19 11:20:46;ACTION;end accum (CO_CommandManager.cpp,467)
﻿2024-11-19 11:20:46;ACTION;begin accum  (CO_CommandManager.cpp,253)
﻿2024-11-19 11:20:46;ACTION;end accum (CO_CommandManager.cpp,467)
﻿2024-11-19 11:20:46;ACTION;end accum (CO_CommandManager.cpp,467)
﻿2024-11-19 11:20:50;ACTION;begin accum Drawing Tool (CO_CommandManager.cpp,253)
﻿2024-11-19 11:20:50;ACTION;end accum (CO_CommandManager.cpp,467)
﻿2024-11-19 11:20:50;ACTION;begin accum  (CO_CommandManager.cpp,253)
﻿2024-11-19 11:20:50;ACTION;end accum (CO_CommandManager.cpp,467)
﻿2024-11-19 11:20:50;ACTION;end accum (CO_CommandManager.cpp,467)
﻿2024-11-19 11:20:50;ACTION;begin accum Drawing Tool (CO_CommandManager.cpp,253)
﻿2024-11-19 11:20:50;ACTION;end accum (CO_CommandManager.cpp,467)
﻿2024-11-19 11:20:50;ACTION;begin accum  (CO_CommandManager.cpp,253)
﻿2024-11-19 11:20:50;ACTION;end accum (CO_CommandManager.cpp,467)
﻿2024-11-19 11:20:50;ACTION;end accum (CO_CommandManager.cpp,467)
﻿2024-11-19 11:20:51;ACTION;begin accum Drawing Tool (CO_CommandManager.cpp,253)
﻿2024-11-19 11:20:51;ACTION;end accum (CO_CommandManager.cpp,467)
﻿2024-11-19 11:20:51;ACTION;begin accum  (CO_CommandManager.cpp,253)
﻿2024-11-19 11:20:51;ACTION;end accum (CO_CommandManager.cpp,467)
﻿2024-11-19 11:20:51;ACTION;end accum (CO_CommandManager.cpp,467)
﻿2024-11-19 11:20:52;ACTION;begin accum Drawing Tool (CO_CommandManager.cpp,253)
﻿2024-11-19 11:20:52;ACTION;end accum (CO_CommandManager.cpp,467)
﻿2024-11-19 11:20:52;ACTION;begin accum  (CO_CommandManager.cpp,253)
﻿2024-11-19 11:20:52;ACTION;end accum (CO_CommandManager.cpp,467)
﻿2024-11-19 11:20:52;ACTION;end accum (CO_CommandManager.cpp,467)
﻿2024-11-19 11:20:52;ACTION;begin accum Drawing Tool (CO_CommandManager.cpp,253)
﻿2024-11-19 11:20:52;ACTION;end accum (CO_CommandManager.cpp,467)
﻿2024-11-19 11:20:52;ACTION;begin accum  (CO_CommandManager.cpp,253)
﻿2024-11-19 11:20:52;ACTION;end accum (CO_CommandManager.cpp,467)
﻿2024-11-19 11:20:52;ACTION;end accum (CO_CommandManager.cpp,467)
﻿2024-11-19 11:20:53;ACTION;begin accum Drawing Tool (CO_CommandManager.cpp,253)
﻿2024-11-19 11:20:53;ACTION;end accum (CO_CommandManager.cpp,467)
﻿2024-11-19 11:20:53;ACTION;begin accum  (CO_CommandManager.cpp,253)
﻿2024-11-19 11:20:53;ACTION;end accum (CO_CommandManager.cpp,467)
﻿2024-11-19 11:20:53;ACTION;end accum (CO_CommandManager.cpp,467)
﻿2024-11-19 11:20:54;ACTION;begin accum Drawing Tool (CO_CommandManager.cpp,253)
﻿2024-11-19 11:20:54;ACTION;end accum (CO_CommandManager.cpp,467)
﻿2024-11-19 11:20:54;ACTION;begin accum  (CO_CommandManager.cpp,253)
﻿2024-11-19 11:20:54;ACTION;end accum (CO_CommandManager.cpp,467)
﻿2024-11-19 11:20:54;ACTION;end accum (CO_CommandManager.cpp,467)
﻿2024-11-19 11:20:56;ACTION;Start Saving project
﻿  2024-11-19 11:20:56;ACTION;Start isSaveProjectPossible (SC_SaveUtil.cpp,254)
﻿    2024-11-19 11:20:56;Create;C:/Users/sethv/Documents/GitHub/LUCA-2/Vakken/Crossmedia/Storyboarding/Les 3/Les3/Les3.sboard+; OK 
﻿    2024-11-19 11:20:56;Delete;C:/Users/sethv/Documents/GitHub/LUCA-2/Vakken/Crossmedia/Storyboarding/Les 3/Les3/Les3.sboard+; OK 
﻿  2024-11-19 11:20:56;ACTION;End isSaveProjectPossible (SC_SaveUtil.cpp,254)
﻿  2024-11-19 11:20:56;ACTION;Start isSaveProjectPossible (SC_SaveUtil.cpp,254)
﻿    2024-11-19 11:20:56;Create;C:/Users/sethv/Documents/GitHub/LUCA-2/Vakken/Crossmedia/Storyboarding/Les 3/Les3/Les3.sboard+; OK 
﻿    2024-11-19 11:20:56;Delete;C:/Users/sethv/Documents/GitHub/LUCA-2/Vakken/Crossmedia/Storyboarding/Les 3/Les3/Les3.sboard+; OK 
﻿  2024-11-19 11:20:56;ACTION;End isSaveProjectPossible (SC_SaveUtil.cpp,254)
﻿  2024-11-19 11:20:56;ACTION;Start TUElementMgr::writeToVersionAuxFile (tuelementmgr.cpp,2101)
﻿    2024-11-19 11:20:56;Create;C:/Users/sethv/Documents/GitHub/LUCA-2/Vakken/Crossmedia/Storyboarding/Les 3/Les3/scene.elementTable; OK 
﻿  2024-11-19 11:20:56;ACTION;End TUElementMgr::writeToVersionAuxFile (tuelementmgr.cpp,2101)
﻿  2024-11-19 11:20:56;ACTION;Start saveDrawings - delete drawings (tudrawinglist.cpp,698)
﻿  2024-11-19 11:20:56;ACTION;End saveDrawings - delete drawings (tudrawinglist.cpp,698)
﻿  2024-11-19 11:20:56;ACTION;Start saveDrawings - rename to temp name (tudrawinglist.cpp,729)
﻿  2024-11-19 11:20:56;ACTION;End saveDrawings - rename to temp name (tudrawinglist.cpp,729)
﻿  2024-11-19 11:20:56;ACTION;Start saveDrawings - rename to final name (tudrawinglist.cpp,757)
﻿  2024-11-19 11:20:56;ACTION;End saveDrawings - rename to final name (tudrawinglist.cpp,757)
﻿  2024-11-19 11:20:56;ACTION;Start saveDrawings - copy all drawings from temp to project (tudrawinglist.cpp,795)
﻿  2024-11-19 11:20:56;ACTION;End saveDrawings - copy all drawings from temp to project (tudrawinglist.cpp,795)
﻿  2024-11-19 11:20:56;ACTION;Start saveDrawings - save all modified drawings in memory (tudrawinglist.cpp,862)
﻿    2024-11-19 11:20:56;Create;C:/Users/sethv/Documents/GitHub/LUCA-2/Vakken/Crossmedia/Storyboarding/Les 3/Les3/elements/Draw/Draw-2.tvg+; OK 
﻿    2024-11-19 11:20:56;Delete;C:/Users/sethv/Documents/GitHub/LUCA-2/Vakken/Crossmedia/Storyboarding/Les 3/Les3/elements/Draw/Draw-2.tvg~; OK 
﻿    2024-11-19 11:20:56;Rename;C:/Users/sethv/Documents/GitHub/LUCA-2/Vakken/Crossmedia/Storyboarding/Les 3/Les3/elements/Draw/Draw-2.tvg;Draw-2.tvg~ OK 
﻿    2024-11-19 11:20:56;Rename;C:/Users/sethv/Documents/GitHub/LUCA-2/Vakken/Crossmedia/Storyboarding/Les 3/Les3/elements/Draw/Draw-2.tvg+;Draw-2.tvg OK 
﻿    2024-11-19 11:20:56;Create;C:/Users/sethv/Documents/GitHub/LUCA-2/Vakken/Crossmedia/Storyboarding/Les 3/Les3/elements/Draw/Draw-3.tvg+; OK 
﻿    2024-11-19 11:20:56;Rename;C:/Users/sethv/Documents/GitHub/LUCA-2/Vakken/Crossmedia/Storyboarding/Les 3/Les3/elements/Draw/Draw-3.tvg+;Draw-3.tvg OK 
﻿    2024-11-19 11:20:56;Create;C:/Users/sethv/Documents/GitHub/LUCA-2/Vakken/Crossmedia/Storyboarding/Les 3/Les3/elements/Draw/Draw-4.tvg+; OK 
﻿    2024-11-19 11:20:56;Rename;C:/Users/sethv/Documents/GitHub/LUCA-2/Vakken/Crossmedia/Storyboarding/Les 3/Les3/elements/Draw/Draw-4.tvg+;Draw-4.tvg OK 
﻿    2024-11-19 11:20:56;Create;C:/Users/sethv/Documents/GitHub/LUCA-2/Vakken/Crossmedia/Storyboarding/Les 3/Les3/elements/Draw/Draw-5.tvg+; OK 
﻿    2024-11-19 11:20:56;Rename;C:/Users/sethv/Documents/GitHub/LUCA-2/Vakken/Crossmedia/Storyboarding/Les 3/Les3/elements/Draw/Draw-5.tvg+;Draw-5.tvg OK 
﻿  2024-11-19 11:20:56;ACTION;End saveDrawings - save all modified drawings in memory (tudrawinglist.cpp,862)
﻿  2024-11-19 11:20:56;ACTION;Start saveProject (SC_SaveUtil.cpp,425)
﻿    2024-11-19 11:20:56;Create;C:/Users/sethv/Documents/GitHub/LUCA-2/Vakken/Crossmedia/Storyboarding/Les 3/Les3/Les3.sboard+; OK 
﻿    2024-11-19 11:20:56;Delete;C:/Users/sethv/Documents/GitHub/LUCA-2/Vakken/Crossmedia/Storyboarding/Les 3/Les3/Les3.sboard~; OK 
﻿    2024-11-19 11:20:56;Rename;C:\Users\sethv\Documents\GitHub\LUCA-2\Vakken\Crossmedia\Storyboarding\Les 3\Les3/Les3.sboard;C:\Users\sethv\Documents\GitHub\LUCA-2\Vakken\Crossmedia\Storyboarding\Les 3\Les3/Les3.sboard~ OK 
﻿    2024-11-19 11:20:56;Rename;C:\Users\sethv\Documents\GitHub\LUCA-2\Vakken\Crossmedia\Storyboarding\Les 3\Les3/Les3.sboard+;C:\Users\sethv\Documents\GitHub\LUCA-2\Vakken\Crossmedia\Storyboarding\Les 3\Les3/Les3.sboard OK 
﻿    2024-11-19 11:20:56;ACTION;Start writeToVersionAuxFile (tuelementmgr.cpp,2558)
﻿      2024-11-19 11:20:56;ACTION;Start writeToVersionAuxFile (EM_XMLFileIO.cpp,307)
﻿        2024-11-19 11:20:56;Delete;C:/Users/sethv/Documents/GitHub/LUCA-2/Vakken/Crossmedia/Storyboarding/Les 3/Les3/Les3.aux~; OK 
﻿        2024-11-19 11:20:56;Rename;C:\Users\sethv\Documents\GitHub\LUCA-2\Vakken\Crossmedia\Storyboarding\Les 3\Les3\Les3.aux;C:\Users\sethv\Documents\GitHub\LUCA-2\Vakken\Crossmedia\Storyboarding\Les 3\Les3\Les3.aux~ OK 
﻿        2024-11-19 11:20:56;Rename;C:\Users\sethv\Documents\GitHub\LUCA-2\Vakken\Crossmedia\Storyboarding\Les 3\Les3\Les3.aux+;C:\Users\sethv\Documents\GitHub\LUCA-2\Vakken\Crossmedia\Storyboarding\Les 3\Les3\Les3.aux OK 
﻿      2024-11-19 11:20:56;ACTION;End writeToVersionAuxFile (EM_XMLFileIO.cpp,307)
﻿    2024-11-19 11:20:56;ACTION;End writeToVersionAuxFile (tuelementmgr.cpp,2558)
﻿  2024-11-19 11:20:56;ACTION;End saveProject (SC_SaveUtil.cpp,425)
﻿  2024-11-19 11:20:56;ACTION;Start writeToDrawingVersionAuxFile (EM_XMLFileIO.cpp,454)
﻿  2024-11-19 11:20:56;ACTION;End writeToDrawingVersionAuxFile (EM_XMLFileIO.cpp,454)
﻿  2024-11-19 11:20:56;Create;C:/Users/sethv/Documents/GitHub/LUCA-2/Vakken/Crossmedia/Storyboarding/Les 3/Les3/Les3.sboard.thumbnails; OK 
﻿2024-11-19 11:20:56;ACTION;End Saving project
﻿2024-11-19 11:25:39;ACTION;begin accum Add Panel (CO_CommandManager.cpp,253)
﻿2024-11-19 11:25:39;ACTION;end accum (CO_CommandManager.cpp,467)
﻿2024-11-19 11:25:39;ACTION;end accum (CO_CommandManager.cpp,467)
﻿2024-11-19 11:25:40;ACTION;Start unexecute depth 1 (CO_CommandManager.cpp,751)
﻿  2024-11-19 11:25:40;ACTION;Start execute Add Panel  (class CO_Command * __ptr64) (CO_CommandManager.cpp,765)
﻿  2024-11-19 11:25:40;ACTION;End execute Add Panel  (class CO_Command * __ptr64) (CO_CommandManager.cpp,765)
﻿2024-11-19 11:25:40;ACTION;End unexecute depth 1 (CO_CommandManager.cpp,751)
﻿2024-11-19 11:32:06;ACTION;Start Closing project
﻿  2024-11-19 11:32:06;Delete;C:/Users/sethv/Documents/GitHub/LUCA-2/Vakken/Crossmedia/Storyboarding/Les 3/Les3/Les3.sboard.lock; OK 
﻿  2024-11-19 11:32:09;Delete;C:/Users/sethv/AppData/Local/Temp/ToonBoomSessionTempDir/8872/elements/1.d; OK 
﻿  2024-11-19 11:32:09;Delete;C:/Users/sethv/AppData/Local/Temp/ToonBoomSessionTempDir/8872/elements/1.e; OK 
﻿  2024-11-19 11:32:09;Delete;C:/Users/sethv/AppData/Local/Temp/ToonBoomSessionTempDir/8872/elements; OK 
﻿  2024-11-19 11:32:09;Delete;C:/Users/sethv/AppData/Local/Temp/ToonBoomSessionTempDir/8872/palette-library; OK 
﻿  2024-11-19 11:32:09;Delete;C:/Users/sethv/AppData/Local/Temp/ToonBoomSessionTempDir/8872; OK 
﻿  2024-11-19 11:32:09;Create;C:/Users/sethv/Documents/GitHub/LUCA-2/Vakken/Crossmedia/Storyboarding/Les 3/Les3/Les3.sboard.thumbnails; OK 
﻿2024-11-19 11:32:09;ACTION;End Closing project
